[0.006s] Invoking command in '/home/fourfold/dev/inmind sessions/inmind-session-12/vacuum-cleaner-robot/build/vacuum_cleaner_robot': CMAKE_PREFIX_PATH=/home/fourfold/dev/inmind sessions/inmind-session-12/vacuum-cleaner-robot/install/vacuum_cleaner_robot_custom_interfaces:/home/fourfold/dev/inmind sessions/inmind-session-12/vacuum-cleaner-robot/install/vacuum_cleaner_robot:/home/fourfold/dev/turtlebot3_ws/install/turtlebot3:/home/fourfold/dev/turtlebot3_ws/install/turtlebot3_simulations:/home/fourfold/dev/turtlebot3_ws/install/turtlebot3_bringup:/home/fourfold/dev/turtlebot3_ws/install/turtlebot3_node:/home/fourfold/dev/turtlebot3_ws/install/turtlebot3_navigation2:/home/fourfold/dev/turtlebot3_ws/install/turtlebot3_fake_node:/home/fourfold/dev/turtlebot3_ws/install/turtlebot3_msgs:/home/fourfold/dev/turtlebot3_ws/install/turtlebot3_gazebo:/home/fourfold/dev/turtlebot3_ws/install/turtlebot3_description:/home/fourfold/dev/turtlebot3_ws/install/turtlebot3_cartographer:/home/fourfold/dev/turtlebot3_ws/install/dynamixel_sdk_examples:/home/fourfold/dev/turtlebot3_ws/install/dynamixel_sdk_custom_interfaces:/home/fourfold/dev/turtlebot3_ws/install/dynamixel_sdk:/home/fourfold/dev/inmind sessions/inmind-session-9/session-9-assignment-firas/install/turtlebot_nav:/home/fourfold/dev/inmind sessions/inmind-session-9/session-9-assignment-firas/install/custom_interfaces:/home/fourfold/dev/turtlebot3_ws/install/turtlebot3_teleop:/home/fourfold/dev/turtlebot3_ws/install/turtlebot3_example:/opt/ros/humble /usr/bin/cmake --build /home/fourfold/dev/inmind sessions/inmind-session-12/vacuum-cleaner-robot/build/vacuum_cleaner_robot -- -j16 -l16
[0.022s] -- Found ament_cmake: 1.3.10 (/opt/ros/humble/share/ament_cmake/cmake)
[0.092s] -- Found rclcpp: 16.0.10 (/opt/ros/humble/share/rclcpp/cmake)
[0.108s] -- Found rosidl_generator_c: 3.1.5 (/opt/ros/humble/share/rosidl_generator_c/cmake)
[0.109s] -- Found rosidl_adapter: 3.1.5 (/opt/ros/humble/share/rosidl_adapter/cmake)
[0.112s] -- Found rosidl_generator_cpp: 3.1.5 (/opt/ros/humble/share/rosidl_generator_cpp/cmake)
[0.117s] -- Using all available rosidl_typesupport_c: rosidl_typesupport_fastrtps_c;rosidl_typesupport_introspection_c
[0.123s] -- Using all available rosidl_typesupport_cpp: rosidl_typesupport_fastrtps_cpp;rosidl_typesupport_introspection_cpp
[0.140s] -- Found rmw_implementation_cmake: 6.1.2 (/opt/ros/humble/share/rmw_implementation_cmake/cmake)
[0.141s] -- Found rmw_fastrtps_cpp: 6.2.7 (/opt/ros/humble/share/rmw_fastrtps_cpp/cmake)
[0.198s] -- Using RMW implementation 'rmw_fastrtps_cpp' as default
[0.224s] -- Found nav_msgs: 4.2.4 (/opt/ros/humble/share/nav_msgs/cmake)
[0.239s] -- Found sensor_msgs: 4.2.4 (/opt/ros/humble/share/sensor_msgs/cmake)
[0.248s] -- Found visualization_msgs: 4.2.4 (/opt/ros/humble/share/visualization_msgs/cmake)
[0.259s] -- Found vacuum_cleaner_robot_custom_interfaces: 0.0.0 (/home/fourfold/dev/inmind sessions/inmind-session-12/vacuum-cleaner-robot/install/vacuum_cleaner_robot_custom_interfaces/share/vacuum_cleaner_robot_custom_interfaces/cmake)
[0.269s] -- Found ament_lint_auto: 0.12.11 (/opt/ros/humble/share/ament_lint_auto/cmake)
[0.269s] [31mCMake Error at CMakeLists.txt:27 (install):
[0.269s]   install TARGETS given target "navigator" which does not exist.
[0.269s] 
[0.269s] [0m
[0.307s] -- Added test 'cppcheck' to perform static code analysis on C / C++ code
[0.307s] -- Configured cppcheck include dirs: /home/fourfold/dev/inmind sessions/inmind-session-12/vacuum-cleaner-robot/src/vacuum_cleaner_robot/include
[0.307s] -- Configured cppcheck exclude dirs and/or files: 
[0.307s] -- Added test 'lint_cmake' to check CMake code style
[0.308s] -- Added test 'uncrustify' to check C / C++ code style
[0.308s] -- Configured uncrustify additional arguments: 
[0.308s] -- Added test 'xmllint' to check XML markup files
[0.309s] -- Configuring incomplete, errors occurred!
[0.309s] See also "/home/fourfold/dev/inmind sessions/inmind-session-12/vacuum-cleaner-robot/build/vacuum_cleaner_robot/CMakeFiles/CMakeOutput.log".
[0.313s] gmake: *** [Makefile:308: cmake_check_build_system] Error 1
[0.315s] Invoked command in '/home/fourfold/dev/inmind sessions/inmind-session-12/vacuum-cleaner-robot/build/vacuum_cleaner_robot' returned '2': CMAKE_PREFIX_PATH=/home/fourfold/dev/inmind sessions/inmind-session-12/vacuum-cleaner-robot/install/vacuum_cleaner_robot_custom_interfaces:/home/fourfold/dev/inmind sessions/inmind-session-12/vacuum-cleaner-robot/install/vacuum_cleaner_robot:/home/fourfold/dev/turtlebot3_ws/install/turtlebot3:/home/fourfold/dev/turtlebot3_ws/install/turtlebot3_simulations:/home/fourfold/dev/turtlebot3_ws/install/turtlebot3_bringup:/home/fourfold/dev/turtlebot3_ws/install/turtlebot3_node:/home/fourfold/dev/turtlebot3_ws/install/turtlebot3_navigation2:/home/fourfold/dev/turtlebot3_ws/install/turtlebot3_fake_node:/home/fourfold/dev/turtlebot3_ws/install/turtlebot3_msgs:/home/fourfold/dev/turtlebot3_ws/install/turtlebot3_gazebo:/home/fourfold/dev/turtlebot3_ws/install/turtlebot3_description:/home/fourfold/dev/turtlebot3_ws/install/turtlebot3_cartographer:/home/fourfold/dev/turtlebot3_ws/install/dynamixel_sdk_examples:/home/fourfold/dev/turtlebot3_ws/install/dynamixel_sdk_custom_interfaces:/home/fourfold/dev/turtlebot3_ws/install/dynamixel_sdk:/home/fourfold/dev/inmind sessions/inmind-session-9/session-9-assignment-firas/install/turtlebot_nav:/home/fourfold/dev/inmind sessions/inmind-session-9/session-9-assignment-firas/install/custom_interfaces:/home/fourfold/dev/turtlebot3_ws/install/turtlebot3_teleop:/home/fourfold/dev/turtlebot3_ws/install/turtlebot3_example:/opt/ros/humble /usr/bin/cmake --build /home/fourfold/dev/inmind sessions/inmind-session-12/vacuum-cleaner-robot/build/vacuum_cleaner_robot -- -j16 -l16
