[0.006s] Invoking command in '/home/fourfold/dev/inmind sessions/inmind-session-12/vacuum-cleaner-robot/build/vacuum_cleaner_robot': CMAKE_PREFIX_PATH=/home/fourfold/dev/inmind sessions/inmind-session-12/vacuum-cleaner-robot/install/vacuum_cleaner_robot_custom_interfaces:/home/fourfold/dev/inmind sessions/inmind-session-12/vacuum-cleaner-robot/install/vacuum_cleaner_robot:/home/fourfold/dev/turtlebot3_ws/install/turtlebot3:/home/fourfold/dev/turtlebot3_ws/install/turtlebot3_simulations:/home/fourfold/dev/turtlebot3_ws/install/turtlebot3_bringup:/home/fourfold/dev/turtlebot3_ws/install/turtlebot3_node:/home/fourfold/dev/turtlebot3_ws/install/turtlebot3_navigation2:/home/fourfold/dev/turtlebot3_ws/install/turtlebot3_fake_node:/home/fourfold/dev/turtlebot3_ws/install/turtlebot3_msgs:/home/fourfold/dev/turtlebot3_ws/install/turtlebot3_gazebo:/home/fourfold/dev/turtlebot3_ws/install/turtlebot3_description:/home/fourfold/dev/turtlebot3_ws/install/turtlebot3_cartographer:/home/fourfold/dev/turtlebot3_ws/install/dynamixel_sdk_examples:/home/fourfold/dev/turtlebot3_ws/install/dynamixel_sdk_custom_interfaces:/home/fourfold/dev/turtlebot3_ws/install/dynamixel_sdk:/home/fourfold/dev/inmind sessions/inmind-session-9/session-9-assignment-firas/install/turtlebot_nav:/home/fourfold/dev/inmind sessions/inmind-session-9/session-9-assignment-firas/install/custom_interfaces:/home/fourfold/dev/turtlebot3_ws/install/turtlebot3_teleop:/home/fourfold/dev/turtlebot3_ws/install/turtlebot3_example:/opt/ros/humble /usr/bin/cmake --build /home/fourfold/dev/inmind sessions/inmind-session-12/vacuum-cleaner-robot/build/vacuum_cleaner_robot -- -j16 -l16
[0.020s] -- Found ament_cmake: 1.3.10 (/opt/ros/humble/share/ament_cmake/cmake)
[0.090s] -- Found rclcpp: 16.0.10 (/opt/ros/humble/share/rclcpp/cmake)
[0.105s] -- Found rosidl_generator_c: 3.1.5 (/opt/ros/humble/share/rosidl_generator_c/cmake)
[0.107s] -- Found rosidl_adapter: 3.1.5 (/opt/ros/humble/share/rosidl_adapter/cmake)
[0.110s] -- Found rosidl_generator_cpp: 3.1.5 (/opt/ros/humble/share/rosidl_generator_cpp/cmake)
[0.115s] -- Using all available rosidl_typesupport_c: rosidl_typesupport_fastrtps_c;rosidl_typesupport_introspection_c
[0.121s] -- Using all available rosidl_typesupport_cpp: rosidl_typesupport_fastrtps_cpp;rosidl_typesupport_introspection_cpp
[0.138s] -- Found rmw_implementation_cmake: 6.1.2 (/opt/ros/humble/share/rmw_implementation_cmake/cmake)
[0.139s] -- Found rmw_fastrtps_cpp: 6.2.7 (/opt/ros/humble/share/rmw_fastrtps_cpp/cmake)
[0.197s] -- Using RMW implementation 'rmw_fastrtps_cpp' as default
[0.224s] -- Found nav_msgs: 4.2.4 (/opt/ros/humble/share/nav_msgs/cmake)
[0.239s] -- Found sensor_msgs: 4.2.4 (/opt/ros/humble/share/sensor_msgs/cmake)
[0.247s] -- Found visualization_msgs: 4.2.4 (/opt/ros/humble/share/visualization_msgs/cmake)
[0.258s] -- Found vacuum_cleaner_robot_custom_interfaces: 0.0.0 (/home/fourfold/dev/inmind sessions/inmind-session-12/vacuum-cleaner-robot/install/vacuum_cleaner_robot_custom_interfaces/share/vacuum_cleaner_robot_custom_interfaces/cmake)
[0.268s] -- Found ament_lint_auto: 0.12.11 (/opt/ros/humble/share/ament_lint_auto/cmake)
[0.306s] -- Added test 'cppcheck' to perform static code analysis on C / C++ code
[0.307s] -- Configured cppcheck include dirs: 
[0.307s] -- Configured cppcheck exclude dirs and/or files: 
[0.307s] -- Added test 'lint_cmake' to check CMake code style
[0.307s] -- Added test 'uncrustify' to check C / C++ code style
[0.307s] -- Configured uncrustify additional arguments: 
[0.307s] -- Added test 'xmllint' to check XML markup files
[0.308s] -- Configuring done
[0.314s] -- Generating done
[0.315s] -- Build files have been written to: /home/fourfold/dev/inmind sessions/inmind-session-12/vacuum-cleaner-robot/build/vacuum_cleaner_robot
[0.336s] [ 25%] [32mBuilding CXX object CMakeFiles/navigator.dir/src/navigator.cpp.o[0m
[0.336s] [ 50%] [32mBuilding CXX object CMakeFiles/avoidance_server.dir/src/obstacle_avoidance_server.cpp.o[0m
[0.341s] [01m[K/home/fourfold/dev/inmind sessions/inmind-session-12/vacuum-cleaner-robot/src/vacuum_cleaner_robot/src/navigator.cpp:1:10:[m[K [01;31m[Kfatal error: [m[Kvacuum_cleaner_robot/navigator.h: No such file or directory
[0.341s]     1 | #include [01;31m[K"vacuum_cleaner_robot/navigator.h"[m[K
[0.341s]       |          [01;31m[K^~~~~~~~~~~~~~~~~~~~~~~~~~~~~~~~~~[m[K
[0.341s] compilation terminated.
[0.341s] [01m[K/home/fourfold/dev/inmind sessions/inmind-session-12/vacuum-cleaner-robot/src/vacuum_cleaner_robot/src/obstacle_avoidance_server.cpp:1:10:[m[K [01;31m[Kfatal error: [m[Kvacuum_cleaner_robot/obstacle_avoidance_server.h: No such file or directory
[0.341s]     1 | #include [01;31m[K"vacuum_cleaner_robot/obstacle_avoidance_server.h"[m[K
[0.341s]       |          [01;31m[K^~~~~~~~~~~~~~~~~~~~~~~~~~~~~~~~~~~~~~~~~~~~~~~~~~[m[K
[0.341s] compilation terminated.
[0.342s] gmake[2]: *** [CMakeFiles/avoidance_server.dir/build.make:76: CMakeFiles/avoidance_server.dir/src/obstacle_avoidance_server.cpp.o] Error 1
[0.342s] gmake[2]: *** [CMakeFiles/navigator.dir/build.make:76: CMakeFiles/navigator.dir/src/navigator.cpp.o] Error 1
[0.342s] gmake[1]: *** [CMakeFiles/Makefile2:139: CMakeFiles/navigator.dir/all] Error 2
[0.342s] gmake[1]: *** Waiting for unfinished jobs....
[0.342s] gmake[1]: *** [CMakeFiles/Makefile2:165: CMakeFiles/avoidance_server.dir/all] Error 2
[0.342s] gmake: *** [Makefile:146: all] Error 2
[0.344s] Invoked command in '/home/fourfold/dev/inmind sessions/inmind-session-12/vacuum-cleaner-robot/build/vacuum_cleaner_robot' returned '2': CMAKE_PREFIX_PATH=/home/fourfold/dev/inmind sessions/inmind-session-12/vacuum-cleaner-robot/install/vacuum_cleaner_robot_custom_interfaces:/home/fourfold/dev/inmind sessions/inmind-session-12/vacuum-cleaner-robot/install/vacuum_cleaner_robot:/home/fourfold/dev/turtlebot3_ws/install/turtlebot3:/home/fourfold/dev/turtlebot3_ws/install/turtlebot3_simulations:/home/fourfold/dev/turtlebot3_ws/install/turtlebot3_bringup:/home/fourfold/dev/turtlebot3_ws/install/turtlebot3_node:/home/fourfold/dev/turtlebot3_ws/install/turtlebot3_navigation2:/home/fourfold/dev/turtlebot3_ws/install/turtlebot3_fake_node:/home/fourfold/dev/turtlebot3_ws/install/turtlebot3_msgs:/home/fourfold/dev/turtlebot3_ws/install/turtlebot3_gazebo:/home/fourfold/dev/turtlebot3_ws/install/turtlebot3_description:/home/fourfold/dev/turtlebot3_ws/install/turtlebot3_cartographer:/home/fourfold/dev/turtlebot3_ws/install/dynamixel_sdk_examples:/home/fourfold/dev/turtlebot3_ws/install/dynamixel_sdk_custom_interfaces:/home/fourfold/dev/turtlebot3_ws/install/dynamixel_sdk:/home/fourfold/dev/inmind sessions/inmind-session-9/session-9-assignment-firas/install/turtlebot_nav:/home/fourfold/dev/inmind sessions/inmind-session-9/session-9-assignment-firas/install/custom_interfaces:/home/fourfold/dev/turtlebot3_ws/install/turtlebot3_teleop:/home/fourfold/dev/turtlebot3_ws/install/turtlebot3_example:/opt/ros/humble /usr/bin/cmake --build /home/fourfold/dev/inmind sessions/inmind-session-12/vacuum-cleaner-robot/build/vacuum_cleaner_robot -- -j16 -l16
