[0.060s] DEBUG:colcon:Command line arguments: ['/usr/bin/colcon', 'build']
[0.060s] DEBUG:colcon:Parsed command line arguments: Namespace(log_base=None, log_level=None, verb_name='build', build_base='build', install_base='install', merge_install=False, symlink_install=False, test_result_base=None, continue_on_error=False, executor='parallel', parallel_workers=16, event_handlers=None, ignore_user_meta=False, metas=['./colcon.meta'], base_paths=['.'], packages_ignore=None, packages_ignore_regex=None, paths=None, packages_up_to=None, packages_up_to_regex=None, packages_above=None, packages_above_and_dependencies=None, packages_above_depth=None, packages_select_by_dep=None, packages_skip_by_dep=None, packages_skip_up_to=None, packages_select_build_failed=False, packages_skip_build_finished=False, packages_select_test_failures=False, packages_skip_test_passed=False, packages_select=None, packages_skip=None, packages_select_regex=None, packages_skip_regex=None, packages_start=None, packages_end=None, allow_overriding=[], cmake_args=None, cmake_target=None, cmake_target_skip_unavailable=False, cmake_clean_cache=False, cmake_clean_first=False, cmake_force_configure=False, ament_cmake_args=None, catkin_cmake_args=None, catkin_skip_building_tests=False, mixin_files=None, mixin=None, verb_parser=<colcon_mixin.mixin.mixin_argument.MixinArgumentDecorator object at 0x7f830aa32860>, verb_extension=<colcon_core.verb.build.BuildVerb object at 0x7f830aa323b0>, main=<bound method BuildVerb.main of <colcon_core.verb.build.BuildVerb object at 0x7f830aa323b0>>, mixin_verb=('build',))
[0.145s] Level 1:colcon.colcon_core.package_discovery:discover_packages(colcon_meta) check parameters
[0.145s] Level 1:colcon.colcon_core.package_discovery:discover_packages(recursive) check parameters
[0.145s] Level 1:colcon.colcon_core.package_discovery:discover_packages(ignore) check parameters
[0.145s] Level 1:colcon.colcon_core.package_discovery:discover_packages(path) check parameters
[0.145s] Level 1:colcon.colcon_core.package_discovery:discover_packages(colcon_meta) discover
[0.145s] Level 1:colcon.colcon_core.package_discovery:discover_packages(recursive) discover
[0.145s] INFO:colcon.colcon_core.package_discovery:Crawling recursively for packages in '/home/fourfold/dev/inmind sessions/inmind-session-12/vacuum-cleaner-robot'
[0.145s] Level 1:colcon.colcon_core.package_identification:_identify(.) by extensions ['ignore', 'ignore_ament_install']
[0.145s] Level 1:colcon.colcon_core.package_identification:_identify(.) by extension 'ignore'
[0.145s] Level 1:colcon.colcon_core.package_identification:_identify(.) by extension 'ignore_ament_install'
[0.145s] Level 1:colcon.colcon_core.package_identification:_identify(.) by extensions ['colcon_pkg']
[0.145s] Level 1:colcon.colcon_core.package_identification:_identify(.) by extension 'colcon_pkg'
[0.145s] Level 1:colcon.colcon_core.package_identification:_identify(.) by extensions ['colcon_meta']
[0.145s] Level 1:colcon.colcon_core.package_identification:_identify(.) by extension 'colcon_meta'
[0.145s] Level 1:colcon.colcon_core.package_identification:_identify(.) by extensions ['ros']
[0.145s] Level 1:colcon.colcon_core.package_identification:_identify(.) by extension 'ros'
[0.152s] Level 1:colcon.colcon_core.package_identification:_identify(.) by extensions ['cmake', 'python']
[0.152s] Level 1:colcon.colcon_core.package_identification:_identify(.) by extension 'cmake'
[0.152s] Level 1:colcon.colcon_core.package_identification:_identify(.) by extension 'python'
[0.152s] Level 1:colcon.colcon_core.package_identification:_identify(.) by extensions ['python_setup_py']
[0.153s] Level 1:colcon.colcon_core.package_identification:_identify(.) by extension 'python_setup_py'
[0.153s] Level 1:colcon.colcon_core.package_identification:_identify(build) by extensions ['ignore', 'ignore_ament_install']
[0.153s] Level 1:colcon.colcon_core.package_identification:_identify(build) by extension 'ignore'
[0.153s] Level 1:colcon.colcon_core.package_identification:_identify(build) ignored
[0.153s] Level 1:colcon.colcon_core.package_identification:_identify(install) by extensions ['ignore', 'ignore_ament_install']
[0.153s] Level 1:colcon.colcon_core.package_identification:_identify(install) by extension 'ignore'
[0.153s] Level 1:colcon.colcon_core.package_identification:_identify(install) ignored
[0.153s] Level 1:colcon.colcon_core.package_identification:_identify(launch) by extensions ['ignore', 'ignore_ament_install']
[0.153s] Level 1:colcon.colcon_core.package_identification:_identify(launch) by extension 'ignore'
[0.153s] Level 1:colcon.colcon_core.package_identification:_identify(launch) by extension 'ignore_ament_install'
[0.153s] Level 1:colcon.colcon_core.package_identification:_identify(launch) by extensions ['colcon_pkg']
[0.153s] Level 1:colcon.colcon_core.package_identification:_identify(launch) by extension 'colcon_pkg'
[0.153s] Level 1:colcon.colcon_core.package_identification:_identify(launch) by extensions ['colcon_meta']
[0.153s] Level 1:colcon.colcon_core.package_identification:_identify(launch) by extension 'colcon_meta'
[0.153s] Level 1:colcon.colcon_core.package_identification:_identify(launch) by extensions ['ros']
[0.153s] Level 1:colcon.colcon_core.package_identification:_identify(launch) by extension 'ros'
[0.153s] Level 1:colcon.colcon_core.package_identification:_identify(launch) by extensions ['cmake', 'python']
[0.153s] Level 1:colcon.colcon_core.package_identification:_identify(launch) by extension 'cmake'
[0.153s] Level 1:colcon.colcon_core.package_identification:_identify(launch) by extension 'python'
[0.153s] Level 1:colcon.colcon_core.package_identification:_identify(launch) by extensions ['python_setup_py']
[0.153s] Level 1:colcon.colcon_core.package_identification:_identify(launch) by extension 'python_setup_py'
[0.153s] Level 1:colcon.colcon_core.package_identification:_identify(launch/__pycache__) by extensions ['ignore', 'ignore_ament_install']
[0.153s] Level 1:colcon.colcon_core.package_identification:_identify(launch/__pycache__) by extension 'ignore'
[0.153s] Level 1:colcon.colcon_core.package_identification:_identify(launch/__pycache__) by extension 'ignore_ament_install'
[0.153s] Level 1:colcon.colcon_core.package_identification:_identify(launch/__pycache__) by extensions ['colcon_pkg']
[0.153s] Level 1:colcon.colcon_core.package_identification:_identify(launch/__pycache__) by extension 'colcon_pkg'
[0.153s] Level 1:colcon.colcon_core.package_identification:_identify(launch/__pycache__) by extensions ['colcon_meta']
[0.153s] Level 1:colcon.colcon_core.package_identification:_identify(launch/__pycache__) by extension 'colcon_meta'
[0.153s] Level 1:colcon.colcon_core.package_identification:_identify(launch/__pycache__) by extensions ['ros']
[0.153s] Level 1:colcon.colcon_core.package_identification:_identify(launch/__pycache__) by extension 'ros'
[0.153s] Level 1:colcon.colcon_core.package_identification:_identify(launch/__pycache__) by extensions ['cmake', 'python']
[0.153s] Level 1:colcon.colcon_core.package_identification:_identify(launch/__pycache__) by extension 'cmake'
[0.153s] Level 1:colcon.colcon_core.package_identification:_identify(launch/__pycache__) by extension 'python'
[0.153s] Level 1:colcon.colcon_core.package_identification:_identify(launch/__pycache__) by extensions ['python_setup_py']
[0.153s] Level 1:colcon.colcon_core.package_identification:_identify(launch/__pycache__) by extension 'python_setup_py'
[0.153s] Level 1:colcon.colcon_core.package_identification:_identify(log) by extensions ['ignore', 'ignore_ament_install']
[0.153s] Level 1:colcon.colcon_core.package_identification:_identify(log) by extension 'ignore'
[0.153s] Level 1:colcon.colcon_core.package_identification:_identify(log) ignored
[0.154s] Level 1:colcon.colcon_core.package_identification:_identify(src) by extensions ['ignore', 'ignore_ament_install']
[0.154s] Level 1:colcon.colcon_core.package_identification:_identify(src) by extension 'ignore'
[0.154s] Level 1:colcon.colcon_core.package_identification:_identify(src) by extension 'ignore_ament_install'
[0.154s] Level 1:colcon.colcon_core.package_identification:_identify(src) by extensions ['colcon_pkg']
[0.154s] Level 1:colcon.colcon_core.package_identification:_identify(src) by extension 'colcon_pkg'
[0.154s] Level 1:colcon.colcon_core.package_identification:_identify(src) by extensions ['colcon_meta']
[0.154s] Level 1:colcon.colcon_core.package_identification:_identify(src) by extension 'colcon_meta'
[0.154s] Level 1:colcon.colcon_core.package_identification:_identify(src) by extensions ['ros']
[0.154s] Level 1:colcon.colcon_core.package_identification:_identify(src) by extension 'ros'
[0.154s] Level 1:colcon.colcon_core.package_identification:_identify(src) by extensions ['cmake', 'python']
[0.154s] Level 1:colcon.colcon_core.package_identification:_identify(src) by extension 'cmake'
[0.154s] Level 1:colcon.colcon_core.package_identification:_identify(src) by extension 'python'
[0.154s] Level 1:colcon.colcon_core.package_identification:_identify(src) by extensions ['python_setup_py']
[0.154s] Level 1:colcon.colcon_core.package_identification:_identify(src) by extension 'python_setup_py'
[0.154s] Level 1:colcon.colcon_core.package_identification:_identify(src/vacuum_cleaner_robot) by extensions ['ignore', 'ignore_ament_install']
[0.154s] Level 1:colcon.colcon_core.package_identification:_identify(src/vacuum_cleaner_robot) by extension 'ignore'
[0.154s] Level 1:colcon.colcon_core.package_identification:_identify(src/vacuum_cleaner_robot) by extension 'ignore_ament_install'
[0.154s] Level 1:colcon.colcon_core.package_identification:_identify(src/vacuum_cleaner_robot) by extensions ['colcon_pkg']
[0.154s] Level 1:colcon.colcon_core.package_identification:_identify(src/vacuum_cleaner_robot) by extension 'colcon_pkg'
[0.154s] Level 1:colcon.colcon_core.package_identification:_identify(src/vacuum_cleaner_robot) by extensions ['colcon_meta']
[0.154s] Level 1:colcon.colcon_core.package_identification:_identify(src/vacuum_cleaner_robot) by extension 'colcon_meta'
[0.154s] Level 1:colcon.colcon_core.package_identification:_identify(src/vacuum_cleaner_robot) by extensions ['ros']
[0.154s] Level 1:colcon.colcon_core.package_identification:_identify(src/vacuum_cleaner_robot) by extension 'ros'
[0.156s] DEBUG:colcon.colcon_core.package_identification:Package 'src/vacuum_cleaner_robot' with type 'ros.ament_cmake' and name 'vacuum_cleaner_robot'
[0.156s] Level 1:colcon.colcon_core.package_identification:_identify(src/vacuum_cleaner_robot_custom_interfaces) by extensions ['ignore', 'ignore_ament_install']
[0.156s] Level 1:colcon.colcon_core.package_identification:_identify(src/vacuum_cleaner_robot_custom_interfaces) by extension 'ignore'
[0.156s] Level 1:colcon.colcon_core.package_identification:_identify(src/vacuum_cleaner_robot_custom_interfaces) by extension 'ignore_ament_install'
[0.156s] Level 1:colcon.colcon_core.package_identification:_identify(src/vacuum_cleaner_robot_custom_interfaces) by extensions ['colcon_pkg']
[0.156s] Level 1:colcon.colcon_core.package_identification:_identify(src/vacuum_cleaner_robot_custom_interfaces) by extension 'colcon_pkg'
[0.156s] Level 1:colcon.colcon_core.package_identification:_identify(src/vacuum_cleaner_robot_custom_interfaces) by extensions ['colcon_meta']
[0.156s] Level 1:colcon.colcon_core.package_identification:_identify(src/vacuum_cleaner_robot_custom_interfaces) by extension 'colcon_meta'
[0.156s] Level 1:colcon.colcon_core.package_identification:_identify(src/vacuum_cleaner_robot_custom_interfaces) by extensions ['ros']
[0.156s] Level 1:colcon.colcon_core.package_identification:_identify(src/vacuum_cleaner_robot_custom_interfaces) by extension 'ros'
[0.156s] DEBUG:colcon.colcon_core.package_identification:Package 'src/vacuum_cleaner_robot_custom_interfaces' with type 'ros.ament_cmake' and name 'vacuum_cleaner_robot_custom_interfaces'
[0.156s] Level 1:colcon.colcon_core.package_discovery:discover_packages(recursive) using defaults
[0.156s] Level 1:colcon.colcon_core.package_discovery:discover_packages(ignore) discover
[0.156s] Level 1:colcon.colcon_core.package_discovery:discover_packages(ignore) using defaults
[0.156s] Level 1:colcon.colcon_core.package_discovery:discover_packages(path) discover
[0.156s] Level 1:colcon.colcon_core.package_discovery:discover_packages(path) using defaults
[0.169s] Level 1:colcon.colcon_core.package_discovery:discover_packages(prefix_path) check parameters
[0.169s] Level 1:colcon.colcon_core.package_discovery:discover_packages(prefix_path) discover
[0.170s] DEBUG:colcon.colcon_installed_package_information.package_discovery:Found 2 installed packages in /home/fourfold/dev/inmind sessions/inmind-session-12/vacuum-cleaner-robot/install
[0.170s] DEBUG:colcon.colcon_installed_package_information.package_discovery:Found 15 installed packages in /home/fourfold/dev/turtlebot3_ws/install
[0.171s] DEBUG:colcon.colcon_installed_package_information.package_discovery:Found 2 installed packages in /home/fourfold/dev/inmind sessions/inmind-session-9/session-9-assignment-firas/install
[0.172s] DEBUG:colcon.colcon_installed_package_information.package_discovery:Found 323 installed packages in /opt/ros/humble
[0.179s] Level 1:colcon.colcon_core.package_discovery:discover_packages(prefix_path) using defaults
[0.201s] Level 5:colcon.colcon_core.verb:set package 'vacuum_cleaner_robot_custom_interfaces' build argument 'cmake_args' from command line to 'None'
[0.201s] Level 5:colcon.colcon_core.verb:set package 'vacuum_cleaner_robot_custom_interfaces' build argument 'cmake_target' from command line to 'None'
[0.201s] Level 5:colcon.colcon_core.verb:set package 'vacuum_cleaner_robot_custom_interfaces' build argument 'cmake_target_skip_unavailable' from command line to 'False'
[0.201s] Level 5:colcon.colcon_core.verb:set package 'vacuum_cleaner_robot_custom_interfaces' build argument 'cmake_clean_cache' from command line to 'False'
[0.201s] Level 5:colcon.colcon_core.verb:set package 'vacuum_cleaner_robot_custom_interfaces' build argument 'cmake_clean_first' from command line to 'False'
[0.201s] Level 5:colcon.colcon_core.verb:set package 'vacuum_cleaner_robot_custom_interfaces' build argument 'cmake_force_configure' from command line to 'False'
[0.201s] Level 5:colcon.colcon_core.verb:set package 'vacuum_cleaner_robot_custom_interfaces' build argument 'ament_cmake_args' from command line to 'None'
[0.201s] Level 5:colcon.colcon_core.verb:set package 'vacuum_cleaner_robot_custom_interfaces' build argument 'catkin_cmake_args' from command line to 'None'
[0.201s] Level 5:colcon.colcon_core.verb:set package 'vacuum_cleaner_robot_custom_interfaces' build argument 'catkin_skip_building_tests' from command line to 'False'
[0.201s] DEBUG:colcon.colcon_core.verb:Building package 'vacuum_cleaner_robot_custom_interfaces' with the following arguments: {'ament_cmake_args': None, 'build_base': '/home/fourfold/dev/inmind sessions/inmind-session-12/vacuum-cleaner-robot/build/vacuum_cleaner_robot_custom_interfaces', 'catkin_cmake_args': None, 'catkin_skip_building_tests': False, 'cmake_args': None, 'cmake_clean_cache': False, 'cmake_clean_first': False, 'cmake_force_configure': False, 'cmake_target': None, 'cmake_target_skip_unavailable': False, 'install_base': '/home/fourfold/dev/inmind sessions/inmind-session-12/vacuum-cleaner-robot/install/vacuum_cleaner_robot_custom_interfaces', 'merge_install': False, 'path': '/home/fourfold/dev/inmind sessions/inmind-session-12/vacuum-cleaner-robot/src/vacuum_cleaner_robot_custom_interfaces', 'symlink_install': False, 'test_result_base': None}
[0.201s] Level 5:colcon.colcon_core.verb:set package 'vacuum_cleaner_robot' build argument 'cmake_args' from command line to 'None'
[0.201s] Level 5:colcon.colcon_core.verb:set package 'vacuum_cleaner_robot' build argument 'cmake_target' from command line to 'None'
[0.201s] Level 5:colcon.colcon_core.verb:set package 'vacuum_cleaner_robot' build argument 'cmake_target_skip_unavailable' from command line to 'False'
[0.201s] Level 5:colcon.colcon_core.verb:set package 'vacuum_cleaner_robot' build argument 'cmake_clean_cache' from command line to 'False'
[0.201s] Level 5:colcon.colcon_core.verb:set package 'vacuum_cleaner_robot' build argument 'cmake_clean_first' from command line to 'False'
[0.201s] Level 5:colcon.colcon_core.verb:set package 'vacuum_cleaner_robot' build argument 'cmake_force_configure' from command line to 'False'
[0.201s] Level 5:colcon.colcon_core.verb:set package 'vacuum_cleaner_robot' build argument 'ament_cmake_args' from command line to 'None'
[0.201s] Level 5:colcon.colcon_core.verb:set package 'vacuum_cleaner_robot' build argument 'catkin_cmake_args' from command line to 'None'
[0.201s] Level 5:colcon.colcon_core.verb:set package 'vacuum_cleaner_robot' build argument 'catkin_skip_building_tests' from command line to 'False'
[0.201s] DEBUG:colcon.colcon_core.verb:Building package 'vacuum_cleaner_robot' with the following arguments: {'ament_cmake_args': None, 'build_base': '/home/fourfold/dev/inmind sessions/inmind-session-12/vacuum-cleaner-robot/build/vacuum_cleaner_robot', 'catkin_cmake_args': None, 'catkin_skip_building_tests': False, 'cmake_args': None, 'cmake_clean_cache': False, 'cmake_clean_first': False, 'cmake_force_configure': False, 'cmake_target': None, 'cmake_target_skip_unavailable': False, 'install_base': '/home/fourfold/dev/inmind sessions/inmind-session-12/vacuum-cleaner-robot/install/vacuum_cleaner_robot', 'merge_install': False, 'path': '/home/fourfold/dev/inmind sessions/inmind-session-12/vacuum-cleaner-robot/src/vacuum_cleaner_robot', 'symlink_install': False, 'test_result_base': None}
[0.201s] INFO:colcon.colcon_core.executor:Executing jobs using 'parallel' executor
[0.202s] DEBUG:colcon.colcon_parallel_executor.executor.parallel:run_until_complete
[0.202s] INFO:colcon.colcon_ros.task.ament_cmake.build:Building ROS package in '/home/fourfold/dev/inmind sessions/inmind-session-12/vacuum-cleaner-robot/src/vacuum_cleaner_robot_custom_interfaces' with build type 'ament_cmake'
[0.202s] INFO:colcon.colcon_cmake.task.cmake.build:Building CMake package in '/home/fourfold/dev/inmind sessions/inmind-session-12/vacuum-cleaner-robot/src/vacuum_cleaner_robot_custom_interfaces'
[0.203s] INFO:colcon.colcon_core.plugin_system:Skipping extension 'colcon_core.shell.bat': Not used on non-Windows systems
[0.203s] INFO:colcon.colcon_core.shell:Skip shell extension 'powershell' for command environment: Not usable outside of PowerShell
[0.203s] DEBUG:colcon.colcon_core.shell:Skip shell extension 'dsv' for command environment
[0.209s] DEBUG:colcon.colcon_core.event_handler.log_command:Invoking command in '/home/fourfold/dev/inmind sessions/inmind-session-12/vacuum-cleaner-robot/build/vacuum_cleaner_robot_custom_interfaces': CMAKE_PREFIX_PATH=${CMAKE_PREFIX_PATH}:/home/fourfold/dev/turtlebot3_ws/install/turtlebot3_teleop:/home/fourfold/dev/turtlebot3_ws/install/turtlebot3_example:/opt/ros/humble /usr/bin/cmake --build /home/fourfold/dev/inmind sessions/inmind-session-12/vacuum-cleaner-robot/build/vacuum_cleaner_robot_custom_interfaces -- -j16 -l16
[0.404s] DEBUG:colcon.colcon_core.event_handler.log_command:Invoked command in '/home/fourfold/dev/inmind sessions/inmind-session-12/vacuum-cleaner-robot/build/vacuum_cleaner_robot_custom_interfaces' returned '0': CMAKE_PREFIX_PATH=${CMAKE_PREFIX_PATH}:/home/fourfold/dev/turtlebot3_ws/install/turtlebot3_teleop:/home/fourfold/dev/turtlebot3_ws/install/turtlebot3_example:/opt/ros/humble /usr/bin/cmake --build /home/fourfold/dev/inmind sessions/inmind-session-12/vacuum-cleaner-robot/build/vacuum_cleaner_robot_custom_interfaces -- -j16 -l16
[0.451s] DEBUG:colcon.colcon_core.event_handler.log_command:Invoking command in '/home/fourfold/dev/inmind sessions/inmind-session-12/vacuum-cleaner-robot/build/vacuum_cleaner_robot_custom_interfaces': CMAKE_PREFIX_PATH=${CMAKE_PREFIX_PATH}:/home/fourfold/dev/turtlebot3_ws/install/turtlebot3_teleop:/home/fourfold/dev/turtlebot3_ws/install/turtlebot3_example:/opt/ros/humble /usr/bin/cmake --install /home/fourfold/dev/inmind sessions/inmind-session-12/vacuum-cleaner-robot/build/vacuum_cleaner_robot_custom_interfaces
[0.486s] Level 1:colcon.colcon_core.environment:create_environment_scripts_only(vacuum_cleaner_robot_custom_interfaces)
[0.487s] DEBUG:colcon.colcon_core.event_handler.log_command:Invoked command in '/home/fourfold/dev/inmind sessions/inmind-session-12/vacuum-cleaner-robot/build/vacuum_cleaner_robot_custom_interfaces' returned '0': CMAKE_PREFIX_PATH=${CMAKE_PREFIX_PATH}:/home/fourfold/dev/turtlebot3_ws/install/turtlebot3_teleop:/home/fourfold/dev/turtlebot3_ws/install/turtlebot3_example:/opt/ros/humble /usr/bin/cmake --install /home/fourfold/dev/inmind sessions/inmind-session-12/vacuum-cleaner-robot/build/vacuum_cleaner_robot_custom_interfaces
[0.488s] Level 1:colcon.colcon_core.environment:checking '/home/fourfold/dev/inmind sessions/inmind-session-12/vacuum-cleaner-robot/install/vacuum_cleaner_robot_custom_interfaces' for CMake module files
[0.488s] Level 1:colcon.colcon_core.environment:checking '/home/fourfold/dev/inmind sessions/inmind-session-12/vacuum-cleaner-robot/install/vacuum_cleaner_robot_custom_interfaces' for CMake config files
[0.489s] Level 1:colcon.colcon_core.shell:create_environment_hook('vacuum_cleaner_robot_custom_interfaces', 'cmake_prefix_path')
[0.489s] INFO:colcon.colcon_core.shell:Creating environment hook '/home/fourfold/dev/inmind sessions/inmind-session-12/vacuum-cleaner-robot/install/vacuum_cleaner_robot_custom_interfaces/share/vacuum_cleaner_robot_custom_interfaces/hook/cmake_prefix_path.ps1'
[0.489s] INFO:colcon.colcon_core.shell:Creating environment descriptor '/home/fourfold/dev/inmind sessions/inmind-session-12/vacuum-cleaner-robot/install/vacuum_cleaner_robot_custom_interfaces/share/vacuum_cleaner_robot_custom_interfaces/hook/cmake_prefix_path.dsv'
[0.489s] INFO:colcon.colcon_core.shell:Creating environment hook '/home/fourfold/dev/inmind sessions/inmind-session-12/vacuum-cleaner-robot/install/vacuum_cleaner_robot_custom_interfaces/share/vacuum_cleaner_robot_custom_interfaces/hook/cmake_prefix_path.sh'
[0.490s] Level 1:colcon.colcon_core.environment:checking '/home/fourfold/dev/inmind sessions/inmind-session-12/vacuum-cleaner-robot/install/vacuum_cleaner_robot_custom_interfaces/lib'
[0.490s] Level 1:colcon.colcon_core.shell:create_environment_hook('vacuum_cleaner_robot_custom_interfaces', 'ld_library_path_lib')
[0.490s] INFO:colcon.colcon_core.shell:Creating environment hook '/home/fourfold/dev/inmind sessions/inmind-session-12/vacuum-cleaner-robot/install/vacuum_cleaner_robot_custom_interfaces/share/vacuum_cleaner_robot_custom_interfaces/hook/ld_library_path_lib.ps1'
[0.490s] INFO:colcon.colcon_core.shell:Creating environment descriptor '/home/fourfold/dev/inmind sessions/inmind-session-12/vacuum-cleaner-robot/install/vacuum_cleaner_robot_custom_interfaces/share/vacuum_cleaner_robot_custom_interfaces/hook/ld_library_path_lib.dsv'
[0.490s] INFO:colcon.colcon_core.shell:Creating environment hook '/home/fourfold/dev/inmind sessions/inmind-session-12/vacuum-cleaner-robot/install/vacuum_cleaner_robot_custom_interfaces/share/vacuum_cleaner_robot_custom_interfaces/hook/ld_library_path_lib.sh'
[0.491s] Level 1:colcon.colcon_core.environment:checking '/home/fourfold/dev/inmind sessions/inmind-session-12/vacuum-cleaner-robot/install/vacuum_cleaner_robot_custom_interfaces/bin'
[0.491s] Level 1:colcon.colcon_core.environment:checking '/home/fourfold/dev/inmind sessions/inmind-session-12/vacuum-cleaner-robot/install/vacuum_cleaner_robot_custom_interfaces/lib/pkgconfig/vacuum_cleaner_robot_custom_interfaces.pc'
[0.491s] Level 1:colcon.colcon_core.environment:checking '/home/fourfold/dev/inmind sessions/inmind-session-12/vacuum-cleaner-robot/install/vacuum_cleaner_robot_custom_interfaces/lib/python3.10/site-packages'
[0.491s] Level 1:colcon.colcon_core.environment:checking '/home/fourfold/dev/inmind sessions/inmind-session-12/vacuum-cleaner-robot/install/vacuum_cleaner_robot_custom_interfaces/bin'
[0.491s] INFO:colcon.colcon_core.shell:Creating package script '/home/fourfold/dev/inmind sessions/inmind-session-12/vacuum-cleaner-robot/install/vacuum_cleaner_robot_custom_interfaces/share/vacuum_cleaner_robot_custom_interfaces/package.ps1'
[0.491s] INFO:colcon.colcon_core.shell:Creating package descriptor '/home/fourfold/dev/inmind sessions/inmind-session-12/vacuum-cleaner-robot/install/vacuum_cleaner_robot_custom_interfaces/share/vacuum_cleaner_robot_custom_interfaces/package.dsv'
[0.492s] INFO:colcon.colcon_core.shell:Creating package script '/home/fourfold/dev/inmind sessions/inmind-session-12/vacuum-cleaner-robot/install/vacuum_cleaner_robot_custom_interfaces/share/vacuum_cleaner_robot_custom_interfaces/package.sh'
[0.492s] INFO:colcon.colcon_core.shell:Creating package script '/home/fourfold/dev/inmind sessions/inmind-session-12/vacuum-cleaner-robot/install/vacuum_cleaner_robot_custom_interfaces/share/vacuum_cleaner_robot_custom_interfaces/package.bash'
[0.492s] INFO:colcon.colcon_core.shell:Creating package script '/home/fourfold/dev/inmind sessions/inmind-session-12/vacuum-cleaner-robot/install/vacuum_cleaner_robot_custom_interfaces/share/vacuum_cleaner_robot_custom_interfaces/package.zsh'
[0.493s] Level 1:colcon.colcon_core.environment:create_file_with_runtime_dependencies(/home/fourfold/dev/inmind sessions/inmind-session-12/vacuum-cleaner-robot/install/vacuum_cleaner_robot_custom_interfaces/share/colcon-core/packages/vacuum_cleaner_robot_custom_interfaces)
[0.538s] Level 1:colcon.colcon_core.environment:create_environment_scripts_only(vacuum_cleaner_robot_custom_interfaces)
[0.539s] Level 1:colcon.colcon_core.environment:checking '/home/fourfold/dev/inmind sessions/inmind-session-12/vacuum-cleaner-robot/install/vacuum_cleaner_robot_custom_interfaces' for CMake module files
[0.539s] Level 1:colcon.colcon_core.environment:checking '/home/fourfold/dev/inmind sessions/inmind-session-12/vacuum-cleaner-robot/install/vacuum_cleaner_robot_custom_interfaces' for CMake config files
[0.540s] Level 1:colcon.colcon_core.shell:create_environment_hook('vacuum_cleaner_robot_custom_interfaces', 'cmake_prefix_path')
[0.540s] INFO:colcon.colcon_core.shell:Creating environment hook '/home/fourfold/dev/inmind sessions/inmind-session-12/vacuum-cleaner-robot/install/vacuum_cleaner_robot_custom_interfaces/share/vacuum_cleaner_robot_custom_interfaces/hook/cmake_prefix_path.ps1'
[0.540s] INFO:colcon.colcon_core.shell:Creating environment descriptor '/home/fourfold/dev/inmind sessions/inmind-session-12/vacuum-cleaner-robot/install/vacuum_cleaner_robot_custom_interfaces/share/vacuum_cleaner_robot_custom_interfaces/hook/cmake_prefix_path.dsv'
[0.541s] INFO:colcon.colcon_core.shell:Creating environment hook '/home/fourfold/dev/inmind sessions/inmind-session-12/vacuum-cleaner-robot/install/vacuum_cleaner_robot_custom_interfaces/share/vacuum_cleaner_robot_custom_interfaces/hook/cmake_prefix_path.sh'
[0.541s] Level 1:colcon.colcon_core.environment:checking '/home/fourfold/dev/inmind sessions/inmind-session-12/vacuum-cleaner-robot/install/vacuum_cleaner_robot_custom_interfaces/lib'
[0.541s] Level 1:colcon.colcon_core.shell:create_environment_hook('vacuum_cleaner_robot_custom_interfaces', 'ld_library_path_lib')
[0.541s] INFO:colcon.colcon_core.shell:Creating environment hook '/home/fourfold/dev/inmind sessions/inmind-session-12/vacuum-cleaner-robot/install/vacuum_cleaner_robot_custom_interfaces/share/vacuum_cleaner_robot_custom_interfaces/hook/ld_library_path_lib.ps1'
[0.542s] INFO:colcon.colcon_core.shell:Creating environment descriptor '/home/fourfold/dev/inmind sessions/inmind-session-12/vacuum-cleaner-robot/install/vacuum_cleaner_robot_custom_interfaces/share/vacuum_cleaner_robot_custom_interfaces/hook/ld_library_path_lib.dsv'
[0.542s] INFO:colcon.colcon_core.shell:Creating environment hook '/home/fourfold/dev/inmind sessions/inmind-session-12/vacuum-cleaner-robot/install/vacuum_cleaner_robot_custom_interfaces/share/vacuum_cleaner_robot_custom_interfaces/hook/ld_library_path_lib.sh'
[0.542s] Level 1:colcon.colcon_core.environment:checking '/home/fourfold/dev/inmind sessions/inmind-session-12/vacuum-cleaner-robot/install/vacuum_cleaner_robot_custom_interfaces/bin'
[0.542s] Level 1:colcon.colcon_core.environment:checking '/home/fourfold/dev/inmind sessions/inmind-session-12/vacuum-cleaner-robot/install/vacuum_cleaner_robot_custom_interfaces/lib/pkgconfig/vacuum_cleaner_robot_custom_interfaces.pc'
[0.542s] Level 1:colcon.colcon_core.environment:checking '/home/fourfold/dev/inmind sessions/inmind-session-12/vacuum-cleaner-robot/install/vacuum_cleaner_robot_custom_interfaces/lib/python3.10/site-packages'
[0.543s] Level 1:colcon.colcon_core.environment:checking '/home/fourfold/dev/inmind sessions/inmind-session-12/vacuum-cleaner-robot/install/vacuum_cleaner_robot_custom_interfaces/bin'
[0.543s] INFO:colcon.colcon_core.shell:Creating package script '/home/fourfold/dev/inmind sessions/inmind-session-12/vacuum-cleaner-robot/install/vacuum_cleaner_robot_custom_interfaces/share/vacuum_cleaner_robot_custom_interfaces/package.ps1'
[0.543s] INFO:colcon.colcon_core.shell:Creating package descriptor '/home/fourfold/dev/inmind sessions/inmind-session-12/vacuum-cleaner-robot/install/vacuum_cleaner_robot_custom_interfaces/share/vacuum_cleaner_robot_custom_interfaces/package.dsv'
[0.544s] INFO:colcon.colcon_core.shell:Creating package script '/home/fourfold/dev/inmind sessions/inmind-session-12/vacuum-cleaner-robot/install/vacuum_cleaner_robot_custom_interfaces/share/vacuum_cleaner_robot_custom_interfaces/package.sh'
[0.544s] INFO:colcon.colcon_core.shell:Creating package script '/home/fourfold/dev/inmind sessions/inmind-session-12/vacuum-cleaner-robot/install/vacuum_cleaner_robot_custom_interfaces/share/vacuum_cleaner_robot_custom_interfaces/package.bash'
[0.544s] INFO:colcon.colcon_core.shell:Creating package script '/home/fourfold/dev/inmind sessions/inmind-session-12/vacuum-cleaner-robot/install/vacuum_cleaner_robot_custom_interfaces/share/vacuum_cleaner_robot_custom_interfaces/package.zsh'
[0.544s] Level 1:colcon.colcon_core.environment:create_file_with_runtime_dependencies(/home/fourfold/dev/inmind sessions/inmind-session-12/vacuum-cleaner-robot/install/vacuum_cleaner_robot_custom_interfaces/share/colcon-core/packages/vacuum_cleaner_robot_custom_interfaces)
[0.544s] INFO:colcon.colcon_ros.task.ament_cmake.build:Building ROS package in '/home/fourfold/dev/inmind sessions/inmind-session-12/vacuum-cleaner-robot/src/vacuum_cleaner_robot' with build type 'ament_cmake'
[0.545s] INFO:colcon.colcon_cmake.task.cmake.build:Building CMake package in '/home/fourfold/dev/inmind sessions/inmind-session-12/vacuum-cleaner-robot/src/vacuum_cleaner_robot'
[0.545s] INFO:colcon.colcon_core.shell:Skip shell extension 'powershell' for command environment: Not usable outside of PowerShell
[0.545s] DEBUG:colcon.colcon_core.shell:Skip shell extension 'dsv' for command environment
[0.552s] DEBUG:colcon.colcon_core.event_handler.log_command:Invoking command in '/home/fourfold/dev/inmind sessions/inmind-session-12/vacuum-cleaner-robot/build/vacuum_cleaner_robot': CMAKE_PREFIX_PATH=/home/fourfold/dev/inmind sessions/inmind-session-12/vacuum-cleaner-robot/install/vacuum_cleaner_robot_custom_interfaces:/home/fourfold/dev/inmind sessions/inmind-session-12/vacuum-cleaner-robot/install/vacuum_cleaner_robot:/home/fourfold/dev/turtlebot3_ws/install/turtlebot3:/home/fourfold/dev/turtlebot3_ws/install/turtlebot3_simulations:/home/fourfold/dev/turtlebot3_ws/install/turtlebot3_bringup:/home/fourfold/dev/turtlebot3_ws/install/turtlebot3_node:/home/fourfold/dev/turtlebot3_ws/install/turtlebot3_navigation2:/home/fourfold/dev/turtlebot3_ws/install/turtlebot3_fake_node:/home/fourfold/dev/turtlebot3_ws/install/turtlebot3_msgs:/home/fourfold/dev/turtlebot3_ws/install/turtlebot3_gazebo:/home/fourfold/dev/turtlebot3_ws/install/turtlebot3_description:/home/fourfold/dev/turtlebot3_ws/install/turtlebot3_cartographer:/home/fourfold/dev/turtlebot3_ws/install/dynamixel_sdk_examples:/home/fourfold/dev/turtlebot3_ws/install/dynamixel_sdk_custom_interfaces:/home/fourfold/dev/turtlebot3_ws/install/dynamixel_sdk:/home/fourfold/dev/inmind sessions/inmind-session-9/session-9-assignment-firas/install/turtlebot_nav:/home/fourfold/dev/inmind sessions/inmind-session-9/session-9-assignment-firas/install/custom_interfaces:/home/fourfold/dev/turtlebot3_ws/install/turtlebot3_teleop:/home/fourfold/dev/turtlebot3_ws/install/turtlebot3_example:/opt/ros/humble /usr/bin/cmake --build /home/fourfold/dev/inmind sessions/inmind-session-12/vacuum-cleaner-robot/build/vacuum_cleaner_robot -- -j16 -l16
[3.437s] DEBUG:colcon.colcon_core.event_handler.log_command:Invoked command in '/home/fourfold/dev/inmind sessions/inmind-session-12/vacuum-cleaner-robot/build/vacuum_cleaner_robot' returned '0': CMAKE_PREFIX_PATH=/home/fourfold/dev/inmind sessions/inmind-session-12/vacuum-cleaner-robot/install/vacuum_cleaner_robot_custom_interfaces:/home/fourfold/dev/inmind sessions/inmind-session-12/vacuum-cleaner-robot/install/vacuum_cleaner_robot:/home/fourfold/dev/turtlebot3_ws/install/turtlebot3:/home/fourfold/dev/turtlebot3_ws/install/turtlebot3_simulations:/home/fourfold/dev/turtlebot3_ws/install/turtlebot3_bringup:/home/fourfold/dev/turtlebot3_ws/install/turtlebot3_node:/home/fourfold/dev/turtlebot3_ws/install/turtlebot3_navigation2:/home/fourfold/dev/turtlebot3_ws/install/turtlebot3_fake_node:/home/fourfold/dev/turtlebot3_ws/install/turtlebot3_msgs:/home/fourfold/dev/turtlebot3_ws/install/turtlebot3_gazebo:/home/fourfold/dev/turtlebot3_ws/install/turtlebot3_description:/home/fourfold/dev/turtlebot3_ws/install/turtlebot3_cartographer:/home/fourfold/dev/turtlebot3_ws/install/dynamixel_sdk_examples:/home/fourfold/dev/turtlebot3_ws/install/dynamixel_sdk_custom_interfaces:/home/fourfold/dev/turtlebot3_ws/install/dynamixel_sdk:/home/fourfold/dev/inmind sessions/inmind-session-9/session-9-assignment-firas/install/turtlebot_nav:/home/fourfold/dev/inmind sessions/inmind-session-9/session-9-assignment-firas/install/custom_interfaces:/home/fourfold/dev/turtlebot3_ws/install/turtlebot3_teleop:/home/fourfold/dev/turtlebot3_ws/install/turtlebot3_example:/opt/ros/humble /usr/bin/cmake --build /home/fourfold/dev/inmind sessions/inmind-session-12/vacuum-cleaner-robot/build/vacuum_cleaner_robot -- -j16 -l16
[3.456s] DEBUG:colcon.colcon_core.event_handler.log_command:Invoking command in '/home/fourfold/dev/inmind sessions/inmind-session-12/vacuum-cleaner-robot/build/vacuum_cleaner_robot': CMAKE_PREFIX_PATH=/home/fourfold/dev/inmind sessions/inmind-session-12/vacuum-cleaner-robot/install/vacuum_cleaner_robot_custom_interfaces:/home/fourfold/dev/inmind sessions/inmind-session-12/vacuum-cleaner-robot/install/vacuum_cleaner_robot:/home/fourfold/dev/turtlebot3_ws/install/turtlebot3:/home/fourfold/dev/turtlebot3_ws/install/turtlebot3_simulations:/home/fourfold/dev/turtlebot3_ws/install/turtlebot3_bringup:/home/fourfold/dev/turtlebot3_ws/install/turtlebot3_node:/home/fourfold/dev/turtlebot3_ws/install/turtlebot3_navigation2:/home/fourfold/dev/turtlebot3_ws/install/turtlebot3_fake_node:/home/fourfold/dev/turtlebot3_ws/install/turtlebot3_msgs:/home/fourfold/dev/turtlebot3_ws/install/turtlebot3_gazebo:/home/fourfold/dev/turtlebot3_ws/install/turtlebot3_description:/home/fourfold/dev/turtlebot3_ws/install/turtlebot3_cartographer:/home/fourfold/dev/turtlebot3_ws/install/dynamixel_sdk_examples:/home/fourfold/dev/turtlebot3_ws/install/dynamixel_sdk_custom_interfaces:/home/fourfold/dev/turtlebot3_ws/install/dynamixel_sdk:/home/fourfold/dev/inmind sessions/inmind-session-9/session-9-assignment-firas/install/turtlebot_nav:/home/fourfold/dev/inmind sessions/inmind-session-9/session-9-assignment-firas/install/custom_interfaces:/home/fourfold/dev/turtlebot3_ws/install/turtlebot3_teleop:/home/fourfold/dev/turtlebot3_ws/install/turtlebot3_example:/opt/ros/humble /usr/bin/cmake --install /home/fourfold/dev/inmind sessions/inmind-session-12/vacuum-cleaner-robot/build/vacuum_cleaner_robot
[3.464s] Level 1:colcon.colcon_core.environment:create_environment_scripts_only(vacuum_cleaner_robot)
[3.464s] Level 1:colcon.colcon_core.environment:checking '/home/fourfold/dev/inmind sessions/inmind-session-12/vacuum-cleaner-robot/install/vacuum_cleaner_robot' for CMake module files
[3.464s] DEBUG:colcon.colcon_core.event_handler.log_command:Invoked command in '/home/fourfold/dev/inmind sessions/inmind-session-12/vacuum-cleaner-robot/build/vacuum_cleaner_robot' returned '0': CMAKE_PREFIX_PATH=/home/fourfold/dev/inmind sessions/inmind-session-12/vacuum-cleaner-robot/install/vacuum_cleaner_robot_custom_interfaces:/home/fourfold/dev/inmind sessions/inmind-session-12/vacuum-cleaner-robot/install/vacuum_cleaner_robot:/home/fourfold/dev/turtlebot3_ws/install/turtlebot3:/home/fourfold/dev/turtlebot3_ws/install/turtlebot3_simulations:/home/fourfold/dev/turtlebot3_ws/install/turtlebot3_bringup:/home/fourfold/dev/turtlebot3_ws/install/turtlebot3_node:/home/fourfold/dev/turtlebot3_ws/install/turtlebot3_navigation2:/home/fourfold/dev/turtlebot3_ws/install/turtlebot3_fake_node:/home/fourfold/dev/turtlebot3_ws/install/turtlebot3_msgs:/home/fourfold/dev/turtlebot3_ws/install/turtlebot3_gazebo:/home/fourfold/dev/turtlebot3_ws/install/turtlebot3_description:/home/fourfold/dev/turtlebot3_ws/install/turtlebot3_cartographer:/home/fourfold/dev/turtlebot3_ws/install/dynamixel_sdk_examples:/home/fourfold/dev/turtlebot3_ws/install/dynamixel_sdk_custom_interfaces:/home/fourfold/dev/turtlebot3_ws/install/dynamixel_sdk:/home/fourfold/dev/inmind sessions/inmind-session-9/session-9-assignment-firas/install/turtlebot_nav:/home/fourfold/dev/inmind sessions/inmind-session-9/session-9-assignment-firas/install/custom_interfaces:/home/fourfold/dev/turtlebot3_ws/install/turtlebot3_teleop:/home/fourfold/dev/turtlebot3_ws/install/turtlebot3_example:/opt/ros/humble /usr/bin/cmake --install /home/fourfold/dev/inmind sessions/inmind-session-12/vacuum-cleaner-robot/build/vacuum_cleaner_robot
[3.464s] Level 1:colcon.colcon_core.environment:checking '/home/fourfold/dev/inmind sessions/inmind-session-12/vacuum-cleaner-robot/install/vacuum_cleaner_robot' for CMake config files
[3.465s] Level 1:colcon.colcon_core.shell:create_environment_hook('vacuum_cleaner_robot', 'cmake_prefix_path')
[3.465s] INFO:colcon.colcon_core.shell:Creating environment hook '/home/fourfold/dev/inmind sessions/inmind-session-12/vacuum-cleaner-robot/install/vacuum_cleaner_robot/share/vacuum_cleaner_robot/hook/cmake_prefix_path.ps1'
[3.465s] INFO:colcon.colcon_core.shell:Creating environment descriptor '/home/fourfold/dev/inmind sessions/inmind-session-12/vacuum-cleaner-robot/install/vacuum_cleaner_robot/share/vacuum_cleaner_robot/hook/cmake_prefix_path.dsv'
[3.465s] INFO:colcon.colcon_core.shell:Creating environment hook '/home/fourfold/dev/inmind sessions/inmind-session-12/vacuum-cleaner-robot/install/vacuum_cleaner_robot/share/vacuum_cleaner_robot/hook/cmake_prefix_path.sh'
[3.465s] Level 1:colcon.colcon_core.environment:checking '/home/fourfold/dev/inmind sessions/inmind-session-12/vacuum-cleaner-robot/install/vacuum_cleaner_robot/lib'
[3.465s] Level 1:colcon.colcon_core.environment:checking '/home/fourfold/dev/inmind sessions/inmind-session-12/vacuum-cleaner-robot/install/vacuum_cleaner_robot/bin'
[3.466s] Level 1:colcon.colcon_core.environment:checking '/home/fourfold/dev/inmind sessions/inmind-session-12/vacuum-cleaner-robot/install/vacuum_cleaner_robot/lib/pkgconfig/vacuum_cleaner_robot.pc'
[3.466s] Level 1:colcon.colcon_core.environment:checking '/home/fourfold/dev/inmind sessions/inmind-session-12/vacuum-cleaner-robot/install/vacuum_cleaner_robot/lib/python3.10/site-packages'
[3.466s] Level 1:colcon.colcon_core.environment:checking '/home/fourfold/dev/inmind sessions/inmind-session-12/vacuum-cleaner-robot/install/vacuum_cleaner_robot/bin'
[3.466s] INFO:colcon.colcon_core.shell:Creating package script '/home/fourfold/dev/inmind sessions/inmind-session-12/vacuum-cleaner-robot/install/vacuum_cleaner_robot/share/vacuum_cleaner_robot/package.ps1'
[3.466s] INFO:colcon.colcon_core.shell:Creating package descriptor '/home/fourfold/dev/inmind sessions/inmind-session-12/vacuum-cleaner-robot/install/vacuum_cleaner_robot/share/vacuum_cleaner_robot/package.dsv'
[3.466s] INFO:colcon.colcon_core.shell:Creating package script '/home/fourfold/dev/inmind sessions/inmind-session-12/vacuum-cleaner-robot/install/vacuum_cleaner_robot/share/vacuum_cleaner_robot/package.sh'
[3.466s] INFO:colcon.colcon_core.shell:Creating package script '/home/fourfold/dev/inmind sessions/inmind-session-12/vacuum-cleaner-robot/install/vacuum_cleaner_robot/share/vacuum_cleaner_robot/package.bash'
[3.467s] INFO:colcon.colcon_core.shell:Creating package script '/home/fourfold/dev/inmind sessions/inmind-session-12/vacuum-cleaner-robot/install/vacuum_cleaner_robot/share/vacuum_cleaner_robot/package.zsh'
[3.467s] Level 1:colcon.colcon_core.environment:create_file_with_runtime_dependencies(/home/fourfold/dev/inmind sessions/inmind-session-12/vacuum-cleaner-robot/install/vacuum_cleaner_robot/share/colcon-core/packages/vacuum_cleaner_robot)
[3.485s] Level 1:colcon.colcon_core.environment:create_environment_scripts_only(vacuum_cleaner_robot)
[3.486s] Level 1:colcon.colcon_core.environment:checking '/home/fourfold/dev/inmind sessions/inmind-session-12/vacuum-cleaner-robot/install/vacuum_cleaner_robot' for CMake module files
[3.486s] Level 1:colcon.colcon_core.environment:checking '/home/fourfold/dev/inmind sessions/inmind-session-12/vacuum-cleaner-robot/install/vacuum_cleaner_robot' for CMake config files
[3.486s] Level 1:colcon.colcon_core.shell:create_environment_hook('vacuum_cleaner_robot', 'cmake_prefix_path')
[3.486s] INFO:colcon.colcon_core.shell:Creating environment hook '/home/fourfold/dev/inmind sessions/inmind-session-12/vacuum-cleaner-robot/install/vacuum_cleaner_robot/share/vacuum_cleaner_robot/hook/cmake_prefix_path.ps1'
[3.486s] INFO:colcon.colcon_core.shell:Creating environment descriptor '/home/fourfold/dev/inmind sessions/inmind-session-12/vacuum-cleaner-robot/install/vacuum_cleaner_robot/share/vacuum_cleaner_robot/hook/cmake_prefix_path.dsv'
[3.487s] INFO:colcon.colcon_core.shell:Creating environment hook '/home/fourfold/dev/inmind sessions/inmind-session-12/vacuum-cleaner-robot/install/vacuum_cleaner_robot/share/vacuum_cleaner_robot/hook/cmake_prefix_path.sh'
[3.487s] Level 1:colcon.colcon_core.environment:checking '/home/fourfold/dev/inmind sessions/inmind-session-12/vacuum-cleaner-robot/install/vacuum_cleaner_robot/lib'
[3.487s] Level 1:colcon.colcon_core.environment:checking '/home/fourfold/dev/inmind sessions/inmind-session-12/vacuum-cleaner-robot/install/vacuum_cleaner_robot/bin'
[3.487s] Level 1:colcon.colcon_core.environment:checking '/home/fourfold/dev/inmind sessions/inmind-session-12/vacuum-cleaner-robot/install/vacuum_cleaner_robot/lib/pkgconfig/vacuum_cleaner_robot.pc'
[3.487s] Level 1:colcon.colcon_core.environment:checking '/home/fourfold/dev/inmind sessions/inmind-session-12/vacuum-cleaner-robot/install/vacuum_cleaner_robot/lib/python3.10/site-packages'
[3.487s] Level 1:colcon.colcon_core.environment:checking '/home/fourfold/dev/inmind sessions/inmind-session-12/vacuum-cleaner-robot/install/vacuum_cleaner_robot/bin'
[3.487s] INFO:colcon.colcon_core.shell:Creating package script '/home/fourfold/dev/inmind sessions/inmind-session-12/vacuum-cleaner-robot/install/vacuum_cleaner_robot/share/vacuum_cleaner_robot/package.ps1'
[3.488s] INFO:colcon.colcon_core.shell:Creating package descriptor '/home/fourfold/dev/inmind sessions/inmind-session-12/vacuum-cleaner-robot/install/vacuum_cleaner_robot/share/vacuum_cleaner_robot/package.dsv'
[3.488s] INFO:colcon.colcon_core.shell:Creating package script '/home/fourfold/dev/inmind sessions/inmind-session-12/vacuum-cleaner-robot/install/vacuum_cleaner_robot/share/vacuum_cleaner_robot/package.sh'
[3.488s] INFO:colcon.colcon_core.shell:Creating package script '/home/fourfold/dev/inmind sessions/inmind-session-12/vacuum-cleaner-robot/install/vacuum_cleaner_robot/share/vacuum_cleaner_robot/package.bash'
[3.488s] INFO:colcon.colcon_core.shell:Creating package script '/home/fourfold/dev/inmind sessions/inmind-session-12/vacuum-cleaner-robot/install/vacuum_cleaner_robot/share/vacuum_cleaner_robot/package.zsh'
[3.488s] Level 1:colcon.colcon_core.environment:create_file_with_runtime_dependencies(/home/fourfold/dev/inmind sessions/inmind-session-12/vacuum-cleaner-robot/install/vacuum_cleaner_robot/share/colcon-core/packages/vacuum_cleaner_robot)
[3.489s] DEBUG:colcon.colcon_parallel_executor.executor.parallel:closing loop
[3.489s] DEBUG:colcon.colcon_parallel_executor.executor.parallel:loop closed
[3.489s] DEBUG:colcon.colcon_parallel_executor.executor.parallel:run_until_complete finished with '0'
[3.489s] DEBUG:colcon.colcon_core.event_reactor:joining thread
[3.492s] INFO:colcon.colcon_core.plugin_system:Skipping extension 'colcon_notification.desktop_notification.terminal_notifier': Not used on non-Darwin systems
[3.493s] INFO:colcon.colcon_core.plugin_system:Skipping extension 'colcon_notification.desktop_notification.win32': Not used on non-Windows systems
[3.493s] INFO:colcon.colcon_notification.desktop_notification:Sending desktop notification using 'notify2'
[3.501s] DEBUG:colcon.colcon_core.event_reactor:joined thread
[3.501s] INFO:colcon.colcon_core.shell:Creating prefix script '/home/fourfold/dev/inmind sessions/inmind-session-12/vacuum-cleaner-robot/install/local_setup.ps1'
[3.502s] INFO:colcon.colcon_core.shell:Creating prefix util module '/home/fourfold/dev/inmind sessions/inmind-session-12/vacuum-cleaner-robot/install/_local_setup_util_ps1.py'
[3.502s] INFO:colcon.colcon_core.shell:Creating prefix chain script '/home/fourfold/dev/inmind sessions/inmind-session-12/vacuum-cleaner-robot/install/setup.ps1'
[3.503s] INFO:colcon.colcon_core.shell:Creating prefix script '/home/fourfold/dev/inmind sessions/inmind-session-12/vacuum-cleaner-robot/install/local_setup.sh'
[3.503s] INFO:colcon.colcon_core.shell:Creating prefix util module '/home/fourfold/dev/inmind sessions/inmind-session-12/vacuum-cleaner-robot/install/_local_setup_util_sh.py'
[3.503s] INFO:colcon.colcon_core.shell:Creating prefix chain script '/home/fourfold/dev/inmind sessions/inmind-session-12/vacuum-cleaner-robot/install/setup.sh'
[3.504s] INFO:colcon.colcon_core.shell:Creating prefix script '/home/fourfold/dev/inmind sessions/inmind-session-12/vacuum-cleaner-robot/install/local_setup.bash'
[3.504s] INFO:colcon.colcon_core.shell:Creating prefix chain script '/home/fourfold/dev/inmind sessions/inmind-session-12/vacuum-cleaner-robot/install/setup.bash'
[3.505s] INFO:colcon.colcon_core.shell:Creating prefix script '/home/fourfold/dev/inmind sessions/inmind-session-12/vacuum-cleaner-robot/install/local_setup.zsh'
[3.505s] INFO:colcon.colcon_core.shell:Creating prefix chain script '/home/fourfold/dev/inmind sessions/inmind-session-12/vacuum-cleaner-robot/install/setup.zsh'
