[  6%] Built target vacuum_cleaner_robot_custom_interfaces__cpp
[ 12%] Built target vacuum_cleaner_robot_custom_interfaces__rosidl_generator_c
[ 12%] Built target ament_cmake_python_copy_vacuum_cleaner_robot_custom_interfaces
[ 22%] Built target vacuum_cleaner_robot_custom_interfaces__rosidl_typesupport_introspection_c
[ 32%] Built target vacuum_cleaner_robot_custom_interfaces__rosidl_typesupport_c
[ 41%] Built target vacuum_cleaner_robot_custom_interfaces__rosidl_typesupport_fastrtps_cpp
[ 51%] Built target vacuum_cleaner_robot_custom_interfaces__rosidl_typesupport_introspection_cpp
[ 61%] Built target vacuum_cleaner_robot_custom_interfaces__rosidl_typesupport_fastrtps_c
[ 70%] Built target vacuum_cleaner_robot_custom_interfaces__rosidl_typesupport_cpp
[ 70%] Built target vacuum_cleaner_robot_custom_interfaces
[ 74%] Built target vacuum_cleaner_robot_custom_interfaces__py
[ 80%] Built target vacuum_cleaner_robot_custom_interfaces__rosidl_generator_py
[100%] Built target vacuum_cleaner_robot_custom_interfaces__rosidl_typesupport_introspection_c__pyext
[100%] Built target vacuum_cleaner_robot_custom_interfaces__rosidl_typesupport_fastrtps_c__pyext
[100%] Built target vacuum_cleaner_robot_custom_interfaces__rosidl_typesupport_c__pyext
running egg_info
writing vacuum_cleaner_robot_custom_interfaces.egg-info/PKG-INFO
writing dependency_links to vacuum_cleaner_robot_custom_interfaces.egg-info/dependency_links.txt
writing top-level names to vacuum_cleaner_robot_custom_interfaces.egg-info/top_level.txt
reading manifest file 'vacuum_cleaner_robot_custom_interfaces.egg-info/SOURCES.txt'
writing manifest file 'vacuum_cleaner_robot_custom_interfaces.egg-info/SOURCES.txt'
[100%] Built target ament_cmake_python_build_vacuum_cleaner_robot_custom_interfaces_egg
-- Install configuration: ""
-- Up-to-date: /home/fourfold/dev/inmind sessions/inmind-session-12/vacuum-cleaner-robot/install/vacuum_cleaner_robot_custom_interfaces/share/ament_index/resource_index/rosidl_interfaces/vacuum_cleaner_robot_custom_interfaces
-- Up-to-date: /home/fourfold/dev/inmind sessions/inmind-session-12/vacuum-cleaner-robot/install/vacuum_cleaner_robot_custom_interfaces/include/vacuum_cleaner_robot_custom_interfaces/vacuum_cleaner_robot_custom_interfaces
-- Up-to-date: /home/fourfold/dev/inmind sessions/inmind-session-12/vacuum-cleaner-robot/install/vacuum_cleaner_robot_custom_interfaces/include/vacuum_cleaner_robot_custom_interfaces/vacuum_cleaner_robot_custom_interfaces/msg
-- Up-to-date: /home/fourfold/dev/inmind sessions/inmind-session-12/vacuum-cleaner-robot/install/vacuum_cleaner_robot_custom_interfaces/include/vacuum_cleaner_robot_custom_interfaces/vacuum_cleaner_robot_custom_interfaces/msg/rosidl_generator_c__visibility_control.h
-- Up-to-date: /home/fourfold/dev/inmind sessions/inmind-session-12/vacuum-cleaner-robot/install/vacuum_cleaner_robot_custom_interfaces/include/vacuum_cleaner_robot_custom_interfaces/vacuum_cleaner_robot_custom_interfaces/srv
-- Up-to-date: /home/fourfold/dev/inmind sessions/inmind-session-12/vacuum-cleaner-robot/install/vacuum_cleaner_robot_custom_interfaces/include/vacuum_cleaner_robot_custom_interfaces/vacuum_cleaner_robot_custom_interfaces/srv/get_repulsive_force.h
-- Up-to-date: /home/fourfold/dev/inmind sessions/inmind-session-12/vacuum-cleaner-robot/install/vacuum_cleaner_robot_custom_interfaces/include/vacuum_cleaner_robot_custom_interfaces/vacuum_cleaner_robot_custom_interfaces/srv/detail
-- Up-to-date: /home/fourfold/dev/inmind sessions/inmind-session-12/vacuum-cleaner-robot/install/vacuum_cleaner_robot_custom_interfaces/include/vacuum_cleaner_robot_custom_interfaces/vacuum_cleaner_robot_custom_interfaces/srv/detail/get_repulsive_force__struct.h
-- Up-to-date: /home/fourfold/dev/inmind sessions/inmind-session-12/vacuum-cleaner-robot/install/vacuum_cleaner_robot_custom_interfaces/include/vacuum_cleaner_robot_custom_interfaces/vacuum_cleaner_robot_custom_interfaces/srv/detail/get_repulsive_force__functions.h
-- Up-to-date: /home/fourfold/dev/inmind sessions/inmind-session-12/vacuum-cleaner-robot/install/vacuum_cleaner_robot_custom_interfaces/include/vacuum_cleaner_robot_custom_interfaces/vacuum_cleaner_robot_custom_interfaces/srv/detail/get_repulsive_force__functions.c
-- Up-to-date: /home/fourfold/dev/inmind sessions/inmind-session-12/vacuum-cleaner-robot/install/vacuum_cleaner_robot_custom_interfaces/include/vacuum_cleaner_robot_custom_interfaces/vacuum_cleaner_robot_custom_interfaces/srv/detail/get_repulsive_force__type_support.h
-- Up-to-date: /home/fourfold/dev/inmind sessions/inmind-session-12/vacuum-cleaner-robot/install/vacuum_cleaner_robot_custom_interfaces/share/vacuum_cleaner_robot_custom_interfaces/environment/library_path.sh
-- Up-to-date: /home/fourfold/dev/inmind sessions/inmind-session-12/vacuum-cleaner-robot/install/vacuum_cleaner_robot_custom_interfaces/share/vacuum_cleaner_robot_custom_interfaces/environment/library_path.dsv
-- Up-to-date: /home/fourfold/dev/inmind sessions/inmind-session-12/vacuum-cleaner-robot/install/vacuum_cleaner_robot_custom_interfaces/lib/libvacuum_cleaner_robot_custom_interfaces__rosidl_generator_c.so
-- Up-to-date: /home/fourfold/dev/inmind sessions/inmind-session-12/vacuum-cleaner-robot/install/vacuum_cleaner_robot_custom_interfaces/include/vacuum_cleaner_robot_custom_interfaces/vacuum_cleaner_robot_custom_interfaces
-- Up-to-date: /home/fourfold/dev/inmind sessions/inmind-session-12/vacuum-cleaner-robot/install/vacuum_cleaner_robot_custom_interfaces/include/vacuum_cleaner_robot_custom_interfaces/vacuum_cleaner_robot_custom_interfaces/msg
-- Up-to-date: /home/fourfold/dev/inmind sessions/inmind-session-12/vacuum-cleaner-robot/install/vacuum_cleaner_robot_custom_interfaces/include/vacuum_cleaner_robot_custom_interfaces/vacuum_cleaner_robot_custom_interfaces/msg/rosidl_typesupport_fastrtps_c__visibility_control.h
-- Up-to-date: /home/fourfold/dev/inmind sessions/inmind-session-12/vacuum-cleaner-robot/install/vacuum_cleaner_robot_custom_interfaces/include/vacuum_cleaner_robot_custom_interfaces/vacuum_cleaner_robot_custom_interfaces/srv
-- Up-to-date: /home/fourfold/dev/inmind sessions/inmind-session-12/vacuum-cleaner-robot/install/vacuum_cleaner_robot_custom_interfaces/include/vacuum_cleaner_robot_custom_interfaces/vacuum_cleaner_robot_custom_interfaces/srv/detail
-- Up-to-date: /home/fourfold/dev/inmind sessions/inmind-session-12/vacuum-cleaner-robot/install/vacuum_cleaner_robot_custom_interfaces/include/vacuum_cleaner_robot_custom_interfaces/vacuum_cleaner_robot_custom_interfaces/srv/detail/get_repulsive_force__rosidl_typesupport_fastrtps_c.h
-- Up-to-date: /home/fourfold/dev/inmind sessions/inmind-session-12/vacuum-cleaner-robot/install/vacuum_cleaner_robot_custom_interfaces/lib/libvacuum_cleaner_robot_custom_interfaces__rosidl_typesupport_fastrtps_c.so
-- Up-to-date: /home/fourfold/dev/inmind sessions/inmind-session-12/vacuum-cleaner-robot/install/vacuum_cleaner_robot_custom_interfaces/include/vacuum_cleaner_robot_custom_interfaces/vacuum_cleaner_robot_custom_interfaces
-- Up-to-date: /home/fourfold/dev/inmind sessions/inmind-session-12/vacuum-cleaner-robot/install/vacuum_cleaner_robot_custom_interfaces/include/vacuum_cleaner_robot_custom_interfaces/vacuum_cleaner_robot_custom_interfaces/srv
-- Up-to-date: /home/fourfold/dev/inmind sessions/inmind-session-12/vacuum-cleaner-robot/install/vacuum_cleaner_robot_custom_interfaces/include/vacuum_cleaner_robot_custom_interfaces/vacuum_cleaner_robot_custom_interfaces/srv/detail
-- Up-to-date: /home/fourfold/dev/inmind sessions/inmind-session-12/vacuum-cleaner-robot/install/vacuum_cleaner_robot_custom_interfaces/include/vacuum_cleaner_robot_custom_interfaces/vacuum_cleaner_robot_custom_interfaces/srv/detail/get_repulsive_force__struct.hpp
-- Up-to-date: /home/fourfold/dev/inmind sessions/inmind-session-12/vacuum-cleaner-robot/install/vacuum_cleaner_robot_custom_interfaces/include/vacuum_cleaner_robot_custom_interfaces/vacuum_cleaner_robot_custom_interfaces/srv/detail/get_repulsive_force__builder.hpp
-- Up-to-date: /home/fourfold/dev/inmind sessions/inmind-session-12/vacuum-cleaner-robot/install/vacuum_cleaner_robot_custom_interfaces/include/vacuum_cleaner_robot_custom_interfaces/vacuum_cleaner_robot_custom_interfaces/srv/detail/get_repulsive_force__traits.hpp
-- Up-to-date: /home/fourfold/dev/inmind sessions/inmind-session-12/vacuum-cleaner-robot/install/vacuum_cleaner_robot_custom_interfaces/include/vacuum_cleaner_robot_custom_interfaces/vacuum_cleaner_robot_custom_interfaces/srv/get_repulsive_force.hpp
-- Up-to-date: /home/fourfold/dev/inmind sessions/inmind-session-12/vacuum-cleaner-robot/install/vacuum_cleaner_robot_custom_interfaces/include/vacuum_cleaner_robot_custom_interfaces/vacuum_cleaner_robot_custom_interfaces
-- Up-to-date: /home/fourfold/dev/inmind sessions/inmind-session-12/vacuum-cleaner-robot/install/vacuum_cleaner_robot_custom_interfaces/include/vacuum_cleaner_robot_custom_interfaces/vacuum_cleaner_robot_custom_interfaces/msg
-- Up-to-date: /home/fourfold/dev/inmind sessions/inmind-session-12/vacuum-cleaner-robot/install/vacuum_cleaner_robot_custom_interfaces/include/vacuum_cleaner_robot_custom_interfaces/vacuum_cleaner_robot_custom_interfaces/msg/rosidl_typesupport_fastrtps_cpp__visibility_control.h
-- Up-to-date: /home/fourfold/dev/inmind sessions/inmind-session-12/vacuum-cleaner-robot/install/vacuum_cleaner_robot_custom_interfaces/include/vacuum_cleaner_robot_custom_interfaces/vacuum_cleaner_robot_custom_interfaces/srv
-- Up-to-date: /home/fourfold/dev/inmind sessions/inmind-session-12/vacuum-cleaner-robot/install/vacuum_cleaner_robot_custom_interfaces/include/vacuum_cleaner_robot_custom_interfaces/vacuum_cleaner_robot_custom_interfaces/srv/detail
-- Up-to-date: /home/fourfold/dev/inmind sessions/inmind-session-12/vacuum-cleaner-robot/install/vacuum_cleaner_robot_custom_interfaces/include/vacuum_cleaner_robot_custom_interfaces/vacuum_cleaner_robot_custom_interfaces/srv/detail/get_repulsive_force__rosidl_typesupport_fastrtps_cpp.hpp
-- Up-to-date: /home/fourfold/dev/inmind sessions/inmind-session-12/vacuum-cleaner-robot/install/vacuum_cleaner_robot_custom_interfaces/include/vacuum_cleaner_robot_custom_interfaces/vacuum_cleaner_robot_custom_interfaces/srv/detail/dds_fastrtps
-- Up-to-date: /home/fourfold/dev/inmind sessions/inmind-session-12/vacuum-cleaner-robot/install/vacuum_cleaner_robot_custom_interfaces/lib/libvacuum_cleaner_robot_custom_interfaces__rosidl_typesupport_fastrtps_cpp.so
-- Up-to-date: /home/fourfold/dev/inmind sessions/inmind-session-12/vacuum-cleaner-robot/install/vacuum_cleaner_robot_custom_interfaces/include/vacuum_cleaner_robot_custom_interfaces/vacuum_cleaner_robot_custom_interfaces
-- Up-to-date: /home/fourfold/dev/inmind sessions/inmind-session-12/vacuum-cleaner-robot/install/vacuum_cleaner_robot_custom_interfaces/include/vacuum_cleaner_robot_custom_interfaces/vacuum_cleaner_robot_custom_interfaces/msg
-- Up-to-date: /home/fourfold/dev/inmind sessions/inmind-session-12/vacuum-cleaner-robot/install/vacuum_cleaner_robot_custom_interfaces/include/vacuum_cleaner_robot_custom_interfaces/vacuum_cleaner_robot_custom_interfaces/msg/rosidl_typesupport_introspection_c__visibility_control.h
-- Up-to-date: /home/fourfold/dev/inmind sessions/inmind-session-12/vacuum-cleaner-robot/install/vacuum_cleaner_robot_custom_interfaces/include/vacuum_cleaner_robot_custom_interfaces/vacuum_cleaner_robot_custom_interfaces/srv
-- Up-to-date: /home/fourfold/dev/inmind sessions/inmind-session-12/vacuum-cleaner-robot/install/vacuum_cleaner_robot_custom_interfaces/include/vacuum_cleaner_robot_custom_interfaces/vacuum_cleaner_robot_custom_interfaces/srv/detail
-- Up-to-date: /home/fourfold/dev/inmind sessions/inmind-session-12/vacuum-cleaner-robot/install/vacuum_cleaner_robot_custom_interfaces/include/vacuum_cleaner_robot_custom_interfaces/vacuum_cleaner_robot_custom_interfaces/srv/detail/get_repulsive_force__type_support.c
-- Up-to-date: /home/fourfold/dev/inmind sessions/inmind-session-12/vacuum-cleaner-robot/install/vacuum_cleaner_robot_custom_interfaces/include/vacuum_cleaner_robot_custom_interfaces/vacuum_cleaner_robot_custom_interfaces/srv/detail/get_repulsive_force__rosidl_typesupport_introspection_c.h
-- Up-to-date: /home/fourfold/dev/inmind sessions/inmind-session-12/vacuum-cleaner-robot/install/vacuum_cleaner_robot_custom_interfaces/lib/libvacuum_cleaner_robot_custom_interfaces__rosidl_typesupport_introspection_c.so
-- Up-to-date: /home/fourfold/dev/inmind sessions/inmind-session-12/vacuum-cleaner-robot/install/vacuum_cleaner_robot_custom_interfaces/lib/libvacuum_cleaner_robot_custom_interfaces__rosidl_typesupport_c.so
-- Up-to-date: /home/fourfold/dev/inmind sessions/inmind-session-12/vacuum-cleaner-robot/install/vacuum_cleaner_robot_custom_interfaces/include/vacuum_cleaner_robot_custom_interfaces/vacuum_cleaner_robot_custom_interfaces
-- Up-to-date: /home/fourfold/dev/inmind sessions/inmind-session-12/vacuum-cleaner-robot/install/vacuum_cleaner_robot_custom_interfaces/include/vacuum_cleaner_robot_custom_interfaces/vacuum_cleaner_robot_custom_interfaces/srv
-- Up-to-date: /home/fourfold/dev/inmind sessions/inmind-session-12/vacuum-cleaner-robot/install/vacuum_cleaner_robot_custom_interfaces/include/vacuum_cleaner_robot_custom_interfaces/vacuum_cleaner_robot_custom_interfaces/srv/detail
-- Up-to-date: /home/fourfold/dev/inmind sessions/inmind-session-12/vacuum-cleaner-robot/install/vacuum_cleaner_robot_custom_interfaces/include/vacuum_cleaner_robot_custom_interfaces/vacuum_cleaner_robot_custom_interfaces/srv/detail/get_repulsive_force__rosidl_typesupport_introspection_cpp.hpp
-- Up-to-date: /home/fourfold/dev/inmind sessions/inmind-session-12/vacuum-cleaner-robot/install/vacuum_cleaner_robot_custom_interfaces/include/vacuum_cleaner_robot_custom_interfaces/vacuum_cleaner_robot_custom_interfaces/srv/detail/get_repulsive_force__type_support.cpp
-- Up-to-date: /home/fourfold/dev/inmind sessions/inmind-session-12/vacuum-cleaner-robot/install/vacuum_cleaner_robot_custom_interfaces/lib/libvacuum_cleaner_robot_custom_interfaces__rosidl_typesupport_introspection_cpp.so
-- Up-to-date: /home/fourfold/dev/inmind sessions/inmind-session-12/vacuum-cleaner-robot/install/vacuum_cleaner_robot_custom_interfaces/lib/libvacuum_cleaner_robot_custom_interfaces__rosidl_typesupport_cpp.so
-- Up-to-date: /home/fourfold/dev/inmind sessions/inmind-session-12/vacuum-cleaner-robot/install/vacuum_cleaner_robot_custom_interfaces/share/vacuum_cleaner_robot_custom_interfaces/environment/pythonpath.sh
-- Up-to-date: /home/fourfold/dev/inmind sessions/inmind-session-12/vacuum-cleaner-robot/install/vacuum_cleaner_robot_custom_interfaces/share/vacuum_cleaner_robot_custom_interfaces/environment/pythonpath.dsv
-- Up-to-date: /home/fourfold/dev/inmind sessions/inmind-session-12/vacuum-cleaner-robot/install/vacuum_cleaner_robot_custom_interfaces/local/lib/python3.10/dist-packages/vacuum_cleaner_robot_custom_interfaces-0.0.0-py3.10.egg-info
-- Installing: /home/fourfold/dev/inmind sessions/inmind-session-12/vacuum-cleaner-robot/install/vacuum_cleaner_robot_custom_interfaces/local/lib/python3.10/dist-packages/vacuum_cleaner_robot_custom_interfaces-0.0.0-py3.10.egg-info/SOURCES.txt
-- Installing: /home/fourfold/dev/inmind sessions/inmind-session-12/vacuum-cleaner-robot/install/vacuum_cleaner_robot_custom_interfaces/local/lib/python3.10/dist-packages/vacuum_cleaner_robot_custom_interfaces-0.0.0-py3.10.egg-info/top_level.txt
-- Installing: /home/fourfold/dev/inmind sessions/inmind-session-12/vacuum-cleaner-robot/install/vacuum_cleaner_robot_custom_interfaces/local/lib/python3.10/dist-packages/vacuum_cleaner_robot_custom_interfaces-0.0.0-py3.10.egg-info/PKG-INFO
-- Installing: /home/fourfold/dev/inmind sessions/inmind-session-12/vacuum-cleaner-robot/install/vacuum_cleaner_robot_custom_interfaces/local/lib/python3.10/dist-packages/vacuum_cleaner_robot_custom_interfaces-0.0.0-py3.10.egg-info/dependency_links.txt
-- Up-to-date: /home/fourfold/dev/inmind sessions/inmind-session-12/vacuum-cleaner-robot/install/vacuum_cleaner_robot_custom_interfaces/local/lib/python3.10/dist-packages/vacuum_cleaner_robot_custom_interfaces
-- Up-to-date: /home/fourfold/dev/inmind sessions/inmind-session-12/vacuum-cleaner-robot/install/vacuum_cleaner_robot_custom_interfaces/local/lib/python3.10/dist-packages/vacuum_cleaner_robot_custom_interfaces/_vacuum_cleaner_robot_custom_interfaces_s.ep.rosidl_typesupport_fastrtps_c.c
-- Up-to-date: /home/fourfold/dev/inmind sessions/inmind-session-12/vacuum-cleaner-robot/install/vacuum_cleaner_robot_custom_interfaces/local/lib/python3.10/dist-packages/vacuum_cleaner_robot_custom_interfaces/vacuum_cleaner_robot_custom_interfaces_s__rosidl_typesupport_introspection_c.cpython-310-x86_64-linux-gnu.so
-- Up-to-date: /home/fourfold/dev/inmind sessions/inmind-session-12/vacuum-cleaner-robot/install/vacuum_cleaner_robot_custom_interfaces/local/lib/python3.10/dist-packages/vacuum_cleaner_robot_custom_interfaces/vacuum_cleaner_robot_custom_interfaces_s__rosidl_typesupport_c.cpython-310-x86_64-linux-gnu.so
-- Up-to-date: /home/fourfold/dev/inmind sessions/inmind-session-12/vacuum-cleaner-robot/install/vacuum_cleaner_robot_custom_interfaces/local/lib/python3.10/dist-packages/vacuum_cleaner_robot_custom_interfaces/libvacuum_cleaner_robot_custom_interfaces__rosidl_generator_py.so
-- Up-to-date: /home/fourfold/dev/inmind sessions/inmind-session-12/vacuum-cleaner-robot/install/vacuum_cleaner_robot_custom_interfaces/local/lib/python3.10/dist-packages/vacuum_cleaner_robot_custom_interfaces/vacuum_cleaner_robot_custom_interfaces_s__rosidl_typesupport_fastrtps_c.cpython-310-x86_64-linux-gnu.so
-- Up-to-date: /home/fourfold/dev/inmind sessions/inmind-session-12/vacuum-cleaner-robot/install/vacuum_cleaner_robot_custom_interfaces/local/lib/python3.10/dist-packages/vacuum_cleaner_robot_custom_interfaces/_vacuum_cleaner_robot_custom_interfaces_s.ep.rosidl_typesupport_introspection_c.c
-- Up-to-date: /home/fourfold/dev/inmind sessions/inmind-session-12/vacuum-cleaner-robot/install/vacuum_cleaner_robot_custom_interfaces/local/lib/python3.10/dist-packages/vacuum_cleaner_robot_custom_interfaces/srv
-- Up-to-date: /home/fourfold/dev/inmind sessions/inmind-session-12/vacuum-cleaner-robot/install/vacuum_cleaner_robot_custom_interfaces/local/lib/python3.10/dist-packages/vacuum_cleaner_robot_custom_interfaces/srv/_get_repulsive_force_s.c
-- Up-to-date: /home/fourfold/dev/inmind sessions/inmind-session-12/vacuum-cleaner-robot/install/vacuum_cleaner_robot_custom_interfaces/local/lib/python3.10/dist-packages/vacuum_cleaner_robot_custom_interfaces/srv/__init__.py
-- Up-to-date: /home/fourfold/dev/inmind sessions/inmind-session-12/vacuum-cleaner-robot/install/vacuum_cleaner_robot_custom_interfaces/local/lib/python3.10/dist-packages/vacuum_cleaner_robot_custom_interfaces/srv/_get_repulsive_force.py
-- Up-to-date: /home/fourfold/dev/inmind sessions/inmind-session-12/vacuum-cleaner-robot/install/vacuum_cleaner_robot_custom_interfaces/local/lib/python3.10/dist-packages/vacuum_cleaner_robot_custom_interfaces/__init__.py
-- Up-to-date: /home/fourfold/dev/inmind sessions/inmind-session-12/vacuum-cleaner-robot/install/vacuum_cleaner_robot_custom_interfaces/local/lib/python3.10/dist-packages/vacuum_cleaner_robot_custom_interfaces/_vacuum_cleaner_robot_custom_interfaces_s.ep.rosidl_typesupport_c.c
Listing '/home/fourfold/dev/inmind sessions/inmind-session-12/vacuum-cleaner-robot/install/vacuum_cleaner_robot_custom_interfaces/local/lib/python3.10/dist-packages/vacuum_cleaner_robot_custom_interfaces'...
Listing '/home/fourfold/dev/inmind sessions/inmind-session-12/vacuum-cleaner-robot/install/vacuum_cleaner_robot_custom_interfaces/local/lib/python3.10/dist-packages/vacuum_cleaner_robot_custom_interfaces/srv'...
-- Up-to-date: /home/fourfold/dev/inmind sessions/inmind-session-12/vacuum-cleaner-robot/install/vacuum_cleaner_robot_custom_interfaces/local/lib/python3.10/dist-packages/vacuum_cleaner_robot_custom_interfaces/vacuum_cleaner_robot_custom_interfaces_s__rosidl_typesupport_fastrtps_c.cpython-310-x86_64-linux-gnu.so
-- Up-to-date: /home/fourfold/dev/inmind sessions/inmind-session-12/vacuum-cleaner-robot/install/vacuum_cleaner_robot_custom_interfaces/local/lib/python3.10/dist-packages/vacuum_cleaner_robot_custom_interfaces/vacuum_cleaner_robot_custom_interfaces_s__rosidl_typesupport_introspection_c.cpython-310-x86_64-linux-gnu.so
-- Up-to-date: /home/fourfold/dev/inmind sessions/inmind-session-12/vacuum-cleaner-robot/install/vacuum_cleaner_robot_custom_interfaces/local/lib/python3.10/dist-packages/vacuum_cleaner_robot_custom_interfaces/vacuum_cleaner_robot_custom_interfaces_s__rosidl_typesupport_c.cpython-310-x86_64-linux-gnu.so
-- Up-to-date: /home/fourfold/dev/inmind sessions/inmind-session-12/vacuum-cleaner-robot/install/vacuum_cleaner_robot_custom_interfaces/lib/libvacuum_cleaner_robot_custom_interfaces__rosidl_generator_py.so
-- Up-to-date: /home/fourfold/dev/inmind sessions/inmind-session-12/vacuum-cleaner-robot/install/vacuum_cleaner_robot_custom_interfaces/share/vacuum_cleaner_robot_custom_interfaces/srv/GetRepulsiveForce.idl
-- Up-to-date: /home/fourfold/dev/inmind sessions/inmind-session-12/vacuum-cleaner-robot/install/vacuum_cleaner_robot_custom_interfaces/share/vacuum_cleaner_robot_custom_interfaces/srv/GetRepulsiveForce.srv
-- Up-to-date: /home/fourfold/dev/inmind sessions/inmind-session-12/vacuum-cleaner-robot/install/vacuum_cleaner_robot_custom_interfaces/share/vacuum_cleaner_robot_custom_interfaces/srv/GetRepulsiveForce_Request.msg
-- Up-to-date: /home/fourfold/dev/inmind sessions/inmind-session-12/vacuum-cleaner-robot/install/vacuum_cleaner_robot_custom_interfaces/share/vacuum_cleaner_robot_custom_interfaces/srv/GetRepulsiveForce_Response.msg
-- Up-to-date: /home/fourfold/dev/inmind sessions/inmind-session-12/vacuum-cleaner-robot/install/vacuum_cleaner_robot_custom_interfaces/share/ament_index/resource_index/package_run_dependencies/vacuum_cleaner_robot_custom_interfaces
-- Up-to-date: /home/fourfold/dev/inmind sessions/inmind-session-12/vacuum-cleaner-robot/install/vacuum_cleaner_robot_custom_interfaces/share/ament_index/resource_index/parent_prefix_path/vacuum_cleaner_robot_custom_interfaces
-- Up-to-date: /home/fourfold/dev/inmind sessions/inmind-session-12/vacuum-cleaner-robot/install/vacuum_cleaner_robot_custom_interfaces/share/vacuum_cleaner_robot_custom_interfaces/environment/ament_prefix_path.sh
-- Up-to-date: /home/fourfold/dev/inmind sessions/inmind-session-12/vacuum-cleaner-robot/install/vacuum_cleaner_robot_custom_interfaces/share/vacuum_cleaner_robot_custom_interfaces/environment/ament_prefix_path.dsv
-- Up-to-date: /home/fourfold/dev/inmind sessions/inmind-session-12/vacuum-cleaner-robot/install/vacuum_cleaner_robot_custom_interfaces/share/vacuum_cleaner_robot_custom_interfaces/environment/path.sh
-- Up-to-date: /home/fourfold/dev/inmind sessions/inmind-session-12/vacuum-cleaner-robot/install/vacuum_cleaner_robot_custom_interfaces/share/vacuum_cleaner_robot_custom_interfaces/environment/path.dsv
-- Up-to-date: /home/fourfold/dev/inmind sessions/inmind-session-12/vacuum-cleaner-robot/install/vacuum_cleaner_robot_custom_interfaces/share/vacuum_cleaner_robot_custom_interfaces/local_setup.bash
-- Up-to-date: /home/fourfold/dev/inmind sessions/inmind-session-12/vacuum-cleaner-robot/install/vacuum_cleaner_robot_custom_interfaces/share/vacuum_cleaner_robot_custom_interfaces/local_setup.sh
-- Up-to-date: /home/fourfold/dev/inmind sessions/inmind-session-12/vacuum-cleaner-robot/install/vacuum_cleaner_robot_custom_interfaces/share/vacuum_cleaner_robot_custom_interfaces/local_setup.zsh
-- Up-to-date: /home/fourfold/dev/inmind sessions/inmind-session-12/vacuum-cleaner-robot/install/vacuum_cleaner_robot_custom_interfaces/share/vacuum_cleaner_robot_custom_interfaces/local_setup.dsv
-- Installing: /home/fourfold/dev/inmind sessions/inmind-session-12/vacuum-cleaner-robot/install/vacuum_cleaner_robot_custom_interfaces/share/vacuum_cleaner_robot_custom_interfaces/package.dsv
-- Up-to-date: /home/fourfold/dev/inmind sessions/inmind-session-12/vacuum-cleaner-robot/install/vacuum_cleaner_robot_custom_interfaces/share/ament_index/resource_index/packages/vacuum_cleaner_robot_custom_interfaces
-- Up-to-date: /home/fourfold/dev/inmind sessions/inmind-session-12/vacuum-cleaner-robot/install/vacuum_cleaner_robot_custom_interfaces/share/vacuum_cleaner_robot_custom_interfaces/cmake/export_vacuum_cleaner_robot_custom_interfaces__rosidl_generator_cExport.cmake
-- Up-to-date: /home/fourfold/dev/inmind sessions/inmind-session-12/vacuum-cleaner-robot/install/vacuum_cleaner_robot_custom_interfaces/share/vacuum_cleaner_robot_custom_interfaces/cmake/export_vacuum_cleaner_robot_custom_interfaces__rosidl_generator_cExport-noconfig.cmake
-- Up-to-date: /home/fourfold/dev/inmind sessions/inmind-session-12/vacuum-cleaner-robot/install/vacuum_cleaner_robot_custom_interfaces/share/vacuum_cleaner_robot_custom_interfaces/cmake/export_vacuum_cleaner_robot_custom_interfaces__rosidl_typesupport_fastrtps_cExport.cmake
-- Up-to-date: /home/fourfold/dev/inmind sessions/inmind-session-12/vacuum-cleaner-robot/install/vacuum_cleaner_robot_custom_interfaces/share/vacuum_cleaner_robot_custom_interfaces/cmake/export_vacuum_cleaner_robot_custom_interfaces__rosidl_typesupport_fastrtps_cExport-noconfig.cmake
-- Up-to-date: /home/fourfold/dev/inmind sessions/inmind-session-12/vacuum-cleaner-robot/install/vacuum_cleaner_robot_custom_interfaces/share/vacuum_cleaner_robot_custom_interfaces/cmake/export_vacuum_cleaner_robot_custom_interfaces__rosidl_generator_cppExport.cmake
-- Up-to-date: /home/fourfold/dev/inmind sessions/inmind-session-12/vacuum-cleaner-robot/install/vacuum_cleaner_robot_custom_interfaces/share/vacuum_cleaner_robot_custom_interfaces/cmake/export_vacuum_cleaner_robot_custom_interfaces__rosidl_typesupport_fastrtps_cppExport.cmake
-- Up-to-date: /home/fourfold/dev/inmind sessions/inmind-session-12/vacuum-cleaner-robot/install/vacuum_cleaner_robot_custom_interfaces/share/vacuum_cleaner_robot_custom_interfaces/cmake/export_vacuum_cleaner_robot_custom_interfaces__rosidl_typesupport_fastrtps_cppExport-noconfig.cmake
-- Up-to-date: /home/fourfold/dev/inmind sessions/inmind-session-12/vacuum-cleaner-robot/install/vacuum_cleaner_robot_custom_interfaces/share/vacuum_cleaner_robot_custom_interfaces/cmake/vacuum_cleaner_robot_custom_interfaces__rosidl_typesupport_introspection_cExport.cmake
-- Up-to-date: /home/fourfold/dev/inmind sessions/inmind-session-12/vacuum-cleaner-robot/install/vacuum_cleaner_robot_custom_interfaces/share/vacuum_cleaner_robot_custom_interfaces/cmake/vacuum_cleaner_robot_custom_interfaces__rosidl_typesupport_introspection_cExport-noconfig.cmake
-- Up-to-date: /home/fourfold/dev/inmind sessions/inmind-session-12/vacuum-cleaner-robot/install/vacuum_cleaner_robot_custom_interfaces/share/vacuum_cleaner_robot_custom_interfaces/cmake/vacuum_cleaner_robot_custom_interfaces__rosidl_typesupport_cExport.cmake
-- Up-to-date: /home/fourfold/dev/inmind sessions/inmind-session-12/vacuum-cleaner-robot/install/vacuum_cleaner_robot_custom_interfaces/share/vacuum_cleaner_robot_custom_interfaces/cmake/vacuum_cleaner_robot_custom_interfaces__rosidl_typesupport_cExport-noconfig.cmake
-- Up-to-date: /home/fourfold/dev/inmind sessions/inmind-session-12/vacuum-cleaner-robot/install/vacuum_cleaner_robot_custom_interfaces/share/vacuum_cleaner_robot_custom_interfaces/cmake/vacuum_cleaner_robot_custom_interfaces__rosidl_typesupport_introspection_cppExport.cmake
-- Up-to-date: /home/fourfold/dev/inmind sessions/inmind-session-12/vacuum-cleaner-robot/install/vacuum_cleaner_robot_custom_interfaces/share/vacuum_cleaner_robot_custom_interfaces/cmake/vacuum_cleaner_robot_custom_interfaces__rosidl_typesupport_introspection_cppExport-noconfig.cmake
-- Up-to-date: /home/fourfold/dev/inmind sessions/inmind-session-12/vacuum-cleaner-robot/install/vacuum_cleaner_robot_custom_interfaces/share/vacuum_cleaner_robot_custom_interfaces/cmake/vacuum_cleaner_robot_custom_interfaces__rosidl_typesupport_cppExport.cmake
-- Up-to-date: /home/fourfold/dev/inmind sessions/inmind-session-12/vacuum-cleaner-robot/install/vacuum_cleaner_robot_custom_interfaces/share/vacuum_cleaner_robot_custom_interfaces/cmake/vacuum_cleaner_robot_custom_interfaces__rosidl_typesupport_cppExport-noconfig.cmake
-- Up-to-date: /home/fourfold/dev/inmind sessions/inmind-session-12/vacuum-cleaner-robot/install/vacuum_cleaner_robot_custom_interfaces/share/vacuum_cleaner_robot_custom_interfaces/cmake/export_vacuum_cleaner_robot_custom_interfaces__rosidl_generator_pyExport.cmake
-- Up-to-date: /home/fourfold/dev/inmind sessions/inmind-session-12/vacuum-cleaner-robot/install/vacuum_cleaner_robot_custom_interfaces/share/vacuum_cleaner_robot_custom_interfaces/cmake/export_vacuum_cleaner_robot_custom_interfaces__rosidl_generator_pyExport-noconfig.cmake
-- Up-to-date: /home/fourfold/dev/inmind sessions/inmind-session-12/vacuum-cleaner-robot/install/vacuum_cleaner_robot_custom_interfaces/share/vacuum_cleaner_robot_custom_interfaces/cmake/rosidl_cmake-extras.cmake
-- Up-to-date: /home/fourfold/dev/inmind sessions/inmind-session-12/vacuum-cleaner-robot/install/vacuum_cleaner_robot_custom_interfaces/share/vacuum_cleaner_robot_custom_interfaces/cmake/ament_cmake_export_dependencies-extras.cmake
-- Up-to-date: /home/fourfold/dev/inmind sessions/inmind-session-12/vacuum-cleaner-robot/install/vacuum_cleaner_robot_custom_interfaces/share/vacuum_cleaner_robot_custom_interfaces/cmake/ament_cmake_export_include_directories-extras.cmake
-- Up-to-date: /home/fourfold/dev/inmind sessions/inmind-session-12/vacuum-cleaner-robot/install/vacuum_cleaner_robot_custom_interfaces/share/vacuum_cleaner_robot_custom_interfaces/cmake/ament_cmake_export_libraries-extras.cmake
-- Up-to-date: /home/fourfold/dev/inmind sessions/inmind-session-12/vacuum-cleaner-robot/install/vacuum_cleaner_robot_custom_interfaces/share/vacuum_cleaner_robot_custom_interfaces/cmake/ament_cmake_export_targets-extras.cmake
-- Up-to-date: /home/fourfold/dev/inmind sessions/inmind-session-12/vacuum-cleaner-robot/install/vacuum_cleaner_robot_custom_interfaces/share/vacuum_cleaner_robot_custom_interfaces/cmake/rosidl_cmake_export_typesupport_targets-extras.cmake
-- Up-to-date: /home/fourfold/dev/inmind sessions/inmind-session-12/vacuum-cleaner-robot/install/vacuum_cleaner_robot_custom_interfaces/share/vacuum_cleaner_robot_custom_interfaces/cmake/rosidl_cmake_export_typesupport_libraries-extras.cmake
-- Up-to-date: /home/fourfold/dev/inmind sessions/inmind-session-12/vacuum-cleaner-robot/install/vacuum_cleaner_robot_custom_interfaces/share/vacuum_cleaner_robot_custom_interfaces/cmake/vacuum_cleaner_robot_custom_interfacesConfig.cmake
-- Up-to-date: /home/fourfold/dev/inmind sessions/inmind-session-12/vacuum-cleaner-robot/install/vacuum_cleaner_robot_custom_interfaces/share/vacuum_cleaner_robot_custom_interfaces/cmake/vacuum_cleaner_robot_custom_interfacesConfig-version.cmake
-- Up-to-date: /home/fourfold/dev/inmind sessions/inmind-session-12/vacuum-cleaner-robot/install/vacuum_cleaner_robot_custom_interfaces/share/vacuum_cleaner_robot_custom_interfaces/package.xml
