[0.007s] Invoking command in '/home/fourfold/dev/inmind sessions/inmind-session-12/vacuum-cleaner-robot/build/vacuum_cleaner_robot_custom_interfaces': CMAKE_PREFIX_PATH=${CMAKE_PREFIX_PATH}:/home/fourfold/dev/turtlebot3_ws/install/turtlebot3_teleop:/home/fourfold/dev/turtlebot3_ws/install/turtlebot3_example:/opt/ros/humble /usr/bin/cmake --build /home/fourfold/dev/inmind sessions/inmind-session-12/vacuum-cleaner-robot/build/vacuum_cleaner_robot_custom_interfaces -- -j16 -l16
[0.042s] [  3%] Built target vacuum_cleaner_robot_custom_interfaces__cpp
[0.043s] [ 12%] Built target vacuum_cleaner_robot_custom_interfaces__rosidl_generator_c
[0.051s] [ 12%] Built target ament_cmake_python_copy_vacuum_cleaner_robot_custom_interfaces
[0.061s] [ 22%] Built target vacuum_cleaner_robot_custom_interfaces__rosidl_typesupport_c
[0.061s] [ 32%] Built target vacuum_cleaner_robot_custom_interfaces__rosidl_typesupport_introspection_c
[0.062s] [ 41%] Built target vacuum_cleaner_robot_custom_interfaces__rosidl_typesupport_introspection_cpp
[0.064s] [ 51%] Built target vacuum_cleaner_robot_custom_interfaces__rosidl_typesupport_cpp
[0.065s] [ 61%] Built target vacuum_cleaner_robot_custom_interfaces__rosidl_typesupport_fastrtps_cpp
[0.069s] [ 70%] Built target vacuum_cleaner_robot_custom_interfaces__rosidl_typesupport_fastrtps_c
[0.083s] [ 70%] Built target vacuum_cleaner_robot_custom_interfaces
[0.097s] [ 74%] Built target vacuum_cleaner_robot_custom_interfaces__py
[0.112s] [ 80%] Built target vacuum_cleaner_robot_custom_interfaces__rosidl_generator_py
[0.126s] [ 96%] Built target vacuum_cleaner_robot_custom_interfaces__rosidl_typesupport_c__pyext
[0.126s] [ 96%] Built target vacuum_cleaner_robot_custom_interfaces__rosidl_typesupport_fastrtps_c__pyext
[0.126s] [100%] Built target vacuum_cleaner_robot_custom_interfaces__rosidl_typesupport_introspection_c__pyext
[0.196s] running egg_info
[0.196s] writing vacuum_cleaner_robot_custom_interfaces.egg-info/PKG-INFO
[0.196s] writing dependency_links to vacuum_cleaner_robot_custom_interfaces.egg-info/dependency_links.txt
[0.196s] writing top-level names to vacuum_cleaner_robot_custom_interfaces.egg-info/top_level.txt
[0.198s] reading manifest file 'vacuum_cleaner_robot_custom_interfaces.egg-info/SOURCES.txt'
[0.198s] writing manifest file 'vacuum_cleaner_robot_custom_interfaces.egg-info/SOURCES.txt'
[0.215s] [100%] Built target ament_cmake_python_build_vacuum_cleaner_robot_custom_interfaces_egg
[0.223s] Invoked command in '/home/fourfold/dev/inmind sessions/inmind-session-12/vacuum-cleaner-robot/build/vacuum_cleaner_robot_custom_interfaces' returned '0': CMAKE_PREFIX_PATH=${CMAKE_PREFIX_PATH}:/home/fourfold/dev/turtlebot3_ws/install/turtlebot3_teleop:/home/fourfold/dev/turtlebot3_ws/install/turtlebot3_example:/opt/ros/humble /usr/bin/cmake --build /home/fourfold/dev/inmind sessions/inmind-session-12/vacuum-cleaner-robot/build/vacuum_cleaner_robot_custom_interfaces -- -j16 -l16
[0.266s] Invoking command in '/home/fourfold/dev/inmind sessions/inmind-session-12/vacuum-cleaner-robot/build/vacuum_cleaner_robot_custom_interfaces': CMAKE_PREFIX_PATH=${CMAKE_PREFIX_PATH}:/home/fourfold/dev/turtlebot3_ws/install/turtlebot3_teleop:/home/fourfold/dev/turtlebot3_ws/install/turtlebot3_example:/opt/ros/humble /usr/bin/cmake --install /home/fourfold/dev/inmind sessions/inmind-session-12/vacuum-cleaner-robot/build/vacuum_cleaner_robot_custom_interfaces
[0.271s] -- Install configuration: ""
[0.271s] -- Up-to-date: /home/fourfold/dev/inmind sessions/inmind-session-12/vacuum-cleaner-robot/install/vacuum_cleaner_robot_custom_interfaces/share/ament_index/resource_index/rosidl_interfaces/vacuum_cleaner_robot_custom_interfaces
[0.271s] -- Up-to-date: /home/fourfold/dev/inmind sessions/inmind-session-12/vacuum-cleaner-robot/install/vacuum_cleaner_robot_custom_interfaces/include/vacuum_cleaner_robot_custom_interfaces/vacuum_cleaner_robot_custom_interfaces
[0.271s] -- Up-to-date: /home/fourfold/dev/inmind sessions/inmind-session-12/vacuum-cleaner-robot/install/vacuum_cleaner_robot_custom_interfaces/include/vacuum_cleaner_robot_custom_interfaces/vacuum_cleaner_robot_custom_interfaces/msg
[0.271s] -- Up-to-date: /home/fourfold/dev/inmind sessions/inmind-session-12/vacuum-cleaner-robot/install/vacuum_cleaner_robot_custom_interfaces/include/vacuum_cleaner_robot_custom_interfaces/vacuum_cleaner_robot_custom_interfaces/msg/rosidl_generator_c__visibility_control.h
[0.271s] -- Up-to-date: /home/fourfold/dev/inmind sessions/inmind-session-12/vacuum-cleaner-robot/install/vacuum_cleaner_robot_custom_interfaces/include/vacuum_cleaner_robot_custom_interfaces/vacuum_cleaner_robot_custom_interfaces/srv
[0.271s] -- Up-to-date: /home/fourfold/dev/inmind sessions/inmind-session-12/vacuum-cleaner-robot/install/vacuum_cleaner_robot_custom_interfaces/include/vacuum_cleaner_robot_custom_interfaces/vacuum_cleaner_robot_custom_interfaces/srv/get_repulsive_force.h
[0.272s] -- Up-to-date: /home/fourfold/dev/inmind sessions/inmind-session-12/vacuum-cleaner-robot/install/vacuum_cleaner_robot_custom_interfaces/include/vacuum_cleaner_robot_custom_interfaces/vacuum_cleaner_robot_custom_interfaces/srv/detail
[0.272s] -- Up-to-date: /home/fourfold/dev/inmind sessions/inmind-session-12/vacuum-cleaner-robot/install/vacuum_cleaner_robot_custom_interfaces/include/vacuum_cleaner_robot_custom_interfaces/vacuum_cleaner_robot_custom_interfaces/srv/detail/get_repulsive_force__struct.h
[0.272s] -- Up-to-date: /home/fourfold/dev/inmind sessions/inmind-session-12/vacuum-cleaner-robot/install/vacuum_cleaner_robot_custom_interfaces/include/vacuum_cleaner_robot_custom_interfaces/vacuum_cleaner_robot_custom_interfaces/srv/detail/get_repulsive_force__functions.h
[0.272s] -- Up-to-date: /home/fourfold/dev/inmind sessions/inmind-session-12/vacuum-cleaner-robot/install/vacuum_cleaner_robot_custom_interfaces/include/vacuum_cleaner_robot_custom_interfaces/vacuum_cleaner_robot_custom_interfaces/srv/detail/get_repulsive_force__functions.c
[0.272s] -- Up-to-date: /home/fourfold/dev/inmind sessions/inmind-session-12/vacuum-cleaner-robot/install/vacuum_cleaner_robot_custom_interfaces/include/vacuum_cleaner_robot_custom_interfaces/vacuum_cleaner_robot_custom_interfaces/srv/detail/get_repulsive_force__type_support.h
[0.272s] -- Up-to-date: /home/fourfold/dev/inmind sessions/inmind-session-12/vacuum-cleaner-robot/install/vacuum_cleaner_robot_custom_interfaces/share/vacuum_cleaner_robot_custom_interfaces/environment/library_path.sh
[0.272s] -- Up-to-date: /home/fourfold/dev/inmind sessions/inmind-session-12/vacuum-cleaner-robot/install/vacuum_cleaner_robot_custom_interfaces/share/vacuum_cleaner_robot_custom_interfaces/environment/library_path.dsv
[0.272s] -- Up-to-date: /home/fourfold/dev/inmind sessions/inmind-session-12/vacuum-cleaner-robot/install/vacuum_cleaner_robot_custom_interfaces/lib/libvacuum_cleaner_robot_custom_interfaces__rosidl_generator_c.so
[0.272s] -- Up-to-date: /home/fourfold/dev/inmind sessions/inmind-session-12/vacuum-cleaner-robot/install/vacuum_cleaner_robot_custom_interfaces/include/vacuum_cleaner_robot_custom_interfaces/vacuum_cleaner_robot_custom_interfaces
[0.272s] -- Up-to-date: /home/fourfold/dev/inmind sessions/inmind-session-12/vacuum-cleaner-robot/install/vacuum_cleaner_robot_custom_interfaces/include/vacuum_cleaner_robot_custom_interfaces/vacuum_cleaner_robot_custom_interfaces/msg
[0.272s] -- Up-to-date: /home/fourfold/dev/inmind sessions/inmind-session-12/vacuum-cleaner-robot/install/vacuum_cleaner_robot_custom_interfaces/include/vacuum_cleaner_robot_custom_interfaces/vacuum_cleaner_robot_custom_interfaces/msg/rosidl_typesupport_fastrtps_c__visibility_control.h
[0.272s] -- Up-to-date: /home/fourfold/dev/inmind sessions/inmind-session-12/vacuum-cleaner-robot/install/vacuum_cleaner_robot_custom_interfaces/include/vacuum_cleaner_robot_custom_interfaces/vacuum_cleaner_robot_custom_interfaces/srv
[0.272s] -- Up-to-date: /home/fourfold/dev/inmind sessions/inmind-session-12/vacuum-cleaner-robot/install/vacuum_cleaner_robot_custom_interfaces/include/vacuum_cleaner_robot_custom_interfaces/vacuum_cleaner_robot_custom_interfaces/srv/detail
[0.272s] -- Up-to-date: /home/fourfold/dev/inmind sessions/inmind-session-12/vacuum-cleaner-robot/install/vacuum_cleaner_robot_custom_interfaces/include/vacuum_cleaner_robot_custom_interfaces/vacuum_cleaner_robot_custom_interfaces/srv/detail/get_repulsive_force__rosidl_typesupport_fastrtps_c.h
[0.272s] -- Up-to-date: /home/fourfold/dev/inmind sessions/inmind-session-12/vacuum-cleaner-robot/install/vacuum_cleaner_robot_custom_interfaces/lib/libvacuum_cleaner_robot_custom_interfaces__rosidl_typesupport_fastrtps_c.so
[0.272s] -- Up-to-date: /home/fourfold/dev/inmind sessions/inmind-session-12/vacuum-cleaner-robot/install/vacuum_cleaner_robot_custom_interfaces/include/vacuum_cleaner_robot_custom_interfaces/vacuum_cleaner_robot_custom_interfaces
[0.272s] -- Up-to-date: /home/fourfold/dev/inmind sessions/inmind-session-12/vacuum-cleaner-robot/install/vacuum_cleaner_robot_custom_interfaces/include/vacuum_cleaner_robot_custom_interfaces/vacuum_cleaner_robot_custom_interfaces/srv
[0.272s] -- Up-to-date: /home/fourfold/dev/inmind sessions/inmind-session-12/vacuum-cleaner-robot/install/vacuum_cleaner_robot_custom_interfaces/include/vacuum_cleaner_robot_custom_interfaces/vacuum_cleaner_robot_custom_interfaces/srv/detail
[0.272s] -- Up-to-date: /home/fourfold/dev/inmind sessions/inmind-session-12/vacuum-cleaner-robot/install/vacuum_cleaner_robot_custom_interfaces/include/vacuum_cleaner_robot_custom_interfaces/vacuum_cleaner_robot_custom_interfaces/srv/detail/get_repulsive_force__struct.hpp
[0.272s] -- Up-to-date: /home/fourfold/dev/inmind sessions/inmind-session-12/vacuum-cleaner-robot/install/vacuum_cleaner_robot_custom_interfaces/include/vacuum_cleaner_robot_custom_interfaces/vacuum_cleaner_robot_custom_interfaces/srv/detail/get_repulsive_force__builder.hpp
[0.272s] -- Up-to-date: /home/fourfold/dev/inmind sessions/inmind-session-12/vacuum-cleaner-robot/install/vacuum_cleaner_robot_custom_interfaces/include/vacuum_cleaner_robot_custom_interfaces/vacuum_cleaner_robot_custom_interfaces/srv/detail/get_repulsive_force__traits.hpp
[0.272s] -- Up-to-date: /home/fourfold/dev/inmind sessions/inmind-session-12/vacuum-cleaner-robot/install/vacuum_cleaner_robot_custom_interfaces/include/vacuum_cleaner_robot_custom_interfaces/vacuum_cleaner_robot_custom_interfaces/srv/get_repulsive_force.hpp
[0.272s] -- Up-to-date: /home/fourfold/dev/inmind sessions/inmind-session-12/vacuum-cleaner-robot/install/vacuum_cleaner_robot_custom_interfaces/include/vacuum_cleaner_robot_custom_interfaces/vacuum_cleaner_robot_custom_interfaces
[0.272s] -- Up-to-date: /home/fourfold/dev/inmind sessions/inmind-session-12/vacuum-cleaner-robot/install/vacuum_cleaner_robot_custom_interfaces/include/vacuum_cleaner_robot_custom_interfaces/vacuum_cleaner_robot_custom_interfaces/msg
[0.273s] -- Up-to-date: /home/fourfold/dev/inmind sessions/inmind-session-12/vacuum-cleaner-robot/install/vacuum_cleaner_robot_custom_interfaces/include/vacuum_cleaner_robot_custom_interfaces/vacuum_cleaner_robot_custom_interfaces/msg/rosidl_typesupport_fastrtps_cpp__visibility_control.h
[0.273s] -- Up-to-date: /home/fourfold/dev/inmind sessions/inmind-session-12/vacuum-cleaner-robot/install/vacuum_cleaner_robot_custom_interfaces/include/vacuum_cleaner_robot_custom_interfaces/vacuum_cleaner_robot_custom_interfaces/srv
[0.273s] -- Up-to-date: /home/fourfold/dev/inmind sessions/inmind-session-12/vacuum-cleaner-robot/install/vacuum_cleaner_robot_custom_interfaces/include/vacuum_cleaner_robot_custom_interfaces/vacuum_cleaner_robot_custom_interfaces/srv/detail
[0.273s] -- Up-to-date: /home/fourfold/dev/inmind sessions/inmind-session-12/vacuum-cleaner-robot/install/vacuum_cleaner_robot_custom_interfaces/include/vacuum_cleaner_robot_custom_interfaces/vacuum_cleaner_robot_custom_interfaces/srv/detail/get_repulsive_force__rosidl_typesupport_fastrtps_cpp.hpp
[0.273s] -- Up-to-date: /home/fourfold/dev/inmind sessions/inmind-session-12/vacuum-cleaner-robot/install/vacuum_cleaner_robot_custom_interfaces/include/vacuum_cleaner_robot_custom_interfaces/vacuum_cleaner_robot_custom_interfaces/srv/detail/dds_fastrtps
[0.273s] -- Up-to-date: /home/fourfold/dev/inmind sessions/inmind-session-12/vacuum-cleaner-robot/install/vacuum_cleaner_robot_custom_interfaces/lib/libvacuum_cleaner_robot_custom_interfaces__rosidl_typesupport_fastrtps_cpp.so
[0.273s] -- Up-to-date: /home/fourfold/dev/inmind sessions/inmind-session-12/vacuum-cleaner-robot/install/vacuum_cleaner_robot_custom_interfaces/include/vacuum_cleaner_robot_custom_interfaces/vacuum_cleaner_robot_custom_interfaces
[0.273s] -- Up-to-date: /home/fourfold/dev/inmind sessions/inmind-session-12/vacuum-cleaner-robot/install/vacuum_cleaner_robot_custom_interfaces/include/vacuum_cleaner_robot_custom_interfaces/vacuum_cleaner_robot_custom_interfaces/msg
[0.273s] -- Up-to-date: /home/fourfold/dev/inmind sessions/inmind-session-12/vacuum-cleaner-robot/install/vacuum_cleaner_robot_custom_interfaces/include/vacuum_cleaner_robot_custom_interfaces/vacuum_cleaner_robot_custom_interfaces/msg/rosidl_typesupport_introspection_c__visibility_control.h
[0.273s] -- Up-to-date: /home/fourfold/dev/inmind sessions/inmind-session-12/vacuum-cleaner-robot/install/vacuum_cleaner_robot_custom_interfaces/include/vacuum_cleaner_robot_custom_interfaces/vacuum_cleaner_robot_custom_interfaces/srv
[0.273s] -- Up-to-date: /home/fourfold/dev/inmind sessions/inmind-session-12/vacuum-cleaner-robot/install/vacuum_cleaner_robot_custom_interfaces/include/vacuum_cleaner_robot_custom_interfaces/vacuum_cleaner_robot_custom_interfaces/srv/detail
[0.273s] -- Up-to-date: /home/fourfold/dev/inmind sessions/inmind-session-12/vacuum-cleaner-robot/install/vacuum_cleaner_robot_custom_interfaces/include/vacuum_cleaner_robot_custom_interfaces/vacuum_cleaner_robot_custom_interfaces/srv/detail/get_repulsive_force__type_support.c
[0.273s] -- Up-to-date: /home/fourfold/dev/inmind sessions/inmind-session-12/vacuum-cleaner-robot/install/vacuum_cleaner_robot_custom_interfaces/include/vacuum_cleaner_robot_custom_interfaces/vacuum_cleaner_robot_custom_interfaces/srv/detail/get_repulsive_force__rosidl_typesupport_introspection_c.h
[0.273s] -- Up-to-date: /home/fourfold/dev/inmind sessions/inmind-session-12/vacuum-cleaner-robot/install/vacuum_cleaner_robot_custom_interfaces/lib/libvacuum_cleaner_robot_custom_interfaces__rosidl_typesupport_introspection_c.so
[0.273s] -- Up-to-date: /home/fourfold/dev/inmind sessions/inmind-session-12/vacuum-cleaner-robot/install/vacuum_cleaner_robot_custom_interfaces/lib/libvacuum_cleaner_robot_custom_interfaces__rosidl_typesupport_c.so
[0.273s] -- Up-to-date: /home/fourfold/dev/inmind sessions/inmind-session-12/vacuum-cleaner-robot/install/vacuum_cleaner_robot_custom_interfaces/include/vacuum_cleaner_robot_custom_interfaces/vacuum_cleaner_robot_custom_interfaces
[0.273s] -- Up-to-date: /home/fourfold/dev/inmind sessions/inmind-session-12/vacuum-cleaner-robot/install/vacuum_cleaner_robot_custom_interfaces/include/vacuum_cleaner_robot_custom_interfaces/vacuum_cleaner_robot_custom_interfaces/srv
[0.273s] -- Up-to-date: /home/fourfold/dev/inmind sessions/inmind-session-12/vacuum-cleaner-robot/install/vacuum_cleaner_robot_custom_interfaces/include/vacuum_cleaner_robot_custom_interfaces/vacuum_cleaner_robot_custom_interfaces/srv/detail
[0.273s] -- Up-to-date: /home/fourfold/dev/inmind sessions/inmind-session-12/vacuum-cleaner-robot/install/vacuum_cleaner_robot_custom_interfaces/include/vacuum_cleaner_robot_custom_interfaces/vacuum_cleaner_robot_custom_interfaces/srv/detail/get_repulsive_force__rosidl_typesupport_introspection_cpp.hpp
[0.273s] -- Up-to-date: /home/fourfold/dev/inmind sessions/inmind-session-12/vacuum-cleaner-robot/install/vacuum_cleaner_robot_custom_interfaces/include/vacuum_cleaner_robot_custom_interfaces/vacuum_cleaner_robot_custom_interfaces/srv/detail/get_repulsive_force__type_support.cpp
[0.273s] -- Up-to-date: /home/fourfold/dev/inmind sessions/inmind-session-12/vacuum-cleaner-robot/install/vacuum_cleaner_robot_custom_interfaces/lib/libvacuum_cleaner_robot_custom_interfaces__rosidl_typesupport_introspection_cpp.so
[0.273s] -- Up-to-date: /home/fourfold/dev/inmind sessions/inmind-session-12/vacuum-cleaner-robot/install/vacuum_cleaner_robot_custom_interfaces/lib/libvacuum_cleaner_robot_custom_interfaces__rosidl_typesupport_cpp.so
[0.273s] -- Up-to-date: /home/fourfold/dev/inmind sessions/inmind-session-12/vacuum-cleaner-robot/install/vacuum_cleaner_robot_custom_interfaces/share/vacuum_cleaner_robot_custom_interfaces/environment/pythonpath.sh
[0.273s] -- Up-to-date: /home/fourfold/dev/inmind sessions/inmind-session-12/vacuum-cleaner-robot/install/vacuum_cleaner_robot_custom_interfaces/share/vacuum_cleaner_robot_custom_interfaces/environment/pythonpath.dsv
[0.273s] -- Up-to-date: /home/fourfold/dev/inmind sessions/inmind-session-12/vacuum-cleaner-robot/install/vacuum_cleaner_robot_custom_interfaces/local/lib/python3.10/dist-packages/vacuum_cleaner_robot_custom_interfaces-0.0.0-py3.10.egg-info
[0.273s] -- Installing: /home/fourfold/dev/inmind sessions/inmind-session-12/vacuum-cleaner-robot/install/vacuum_cleaner_robot_custom_interfaces/local/lib/python3.10/dist-packages/vacuum_cleaner_robot_custom_interfaces-0.0.0-py3.10.egg-info/SOURCES.txt
[0.273s] -- Installing: /home/fourfold/dev/inmind sessions/inmind-session-12/vacuum-cleaner-robot/install/vacuum_cleaner_robot_custom_interfaces/local/lib/python3.10/dist-packages/vacuum_cleaner_robot_custom_interfaces-0.0.0-py3.10.egg-info/top_level.txt
[0.273s] -- Installing: /home/fourfold/dev/inmind sessions/inmind-session-12/vacuum-cleaner-robot/install/vacuum_cleaner_robot_custom_interfaces/local/lib/python3.10/dist-packages/vacuum_cleaner_robot_custom_interfaces-0.0.0-py3.10.egg-info/PKG-INFO
[0.273s] -- Installing: /home/fourfold/dev/inmind sessions/inmind-session-12/vacuum-cleaner-robot/install/vacuum_cleaner_robot_custom_interfaces/local/lib/python3.10/dist-packages/vacuum_cleaner_robot_custom_interfaces-0.0.0-py3.10.egg-info/dependency_links.txt
[0.273s] -- Up-to-date: /home/fourfold/dev/inmind sessions/inmind-session-12/vacuum-cleaner-robot/install/vacuum_cleaner_robot_custom_interfaces/local/lib/python3.10/dist-packages/vacuum_cleaner_robot_custom_interfaces
[0.273s] -- Up-to-date: /home/fourfold/dev/inmind sessions/inmind-session-12/vacuum-cleaner-robot/install/vacuum_cleaner_robot_custom_interfaces/local/lib/python3.10/dist-packages/vacuum_cleaner_robot_custom_interfaces/_vacuum_cleaner_robot_custom_interfaces_s.ep.rosidl_typesupport_fastrtps_c.c
[0.273s] -- Up-to-date: /home/fourfold/dev/inmind sessions/inmind-session-12/vacuum-cleaner-robot/install/vacuum_cleaner_robot_custom_interfaces/local/lib/python3.10/dist-packages/vacuum_cleaner_robot_custom_interfaces/vacuum_cleaner_robot_custom_interfaces_s__rosidl_typesupport_introspection_c.cpython-310-x86_64-linux-gnu.so
[0.273s] -- Up-to-date: /home/fourfold/dev/inmind sessions/inmind-session-12/vacuum-cleaner-robot/install/vacuum_cleaner_robot_custom_interfaces/local/lib/python3.10/dist-packages/vacuum_cleaner_robot_custom_interfaces/vacuum_cleaner_robot_custom_interfaces_s__rosidl_typesupport_c.cpython-310-x86_64-linux-gnu.so
[0.273s] -- Up-to-date: /home/fourfold/dev/inmind sessions/inmind-session-12/vacuum-cleaner-robot/install/vacuum_cleaner_robot_custom_interfaces/local/lib/python3.10/dist-packages/vacuum_cleaner_robot_custom_interfaces/libvacuum_cleaner_robot_custom_interfaces__rosidl_generator_py.so
[0.273s] -- Up-to-date: /home/fourfold/dev/inmind sessions/inmind-session-12/vacuum-cleaner-robot/install/vacuum_cleaner_robot_custom_interfaces/local/lib/python3.10/dist-packages/vacuum_cleaner_robot_custom_interfaces/vacuum_cleaner_robot_custom_interfaces_s__rosidl_typesupport_fastrtps_c.cpython-310-x86_64-linux-gnu.so
[0.274s] -- Up-to-date: /home/fourfold/dev/inmind sessions/inmind-session-12/vacuum-cleaner-robot/install/vacuum_cleaner_robot_custom_interfaces/local/lib/python3.10/dist-packages/vacuum_cleaner_robot_custom_interfaces/_vacuum_cleaner_robot_custom_interfaces_s.ep.rosidl_typesupport_introspection_c.c
[0.274s] -- Up-to-date: /home/fourfold/dev/inmind sessions/inmind-session-12/vacuum-cleaner-robot/install/vacuum_cleaner_robot_custom_interfaces/local/lib/python3.10/dist-packages/vacuum_cleaner_robot_custom_interfaces/srv
[0.274s] -- Up-to-date: /home/fourfold/dev/inmind sessions/inmind-session-12/vacuum-cleaner-robot/install/vacuum_cleaner_robot_custom_interfaces/local/lib/python3.10/dist-packages/vacuum_cleaner_robot_custom_interfaces/srv/_get_repulsive_force_s.c
[0.274s] -- Up-to-date: /home/fourfold/dev/inmind sessions/inmind-session-12/vacuum-cleaner-robot/install/vacuum_cleaner_robot_custom_interfaces/local/lib/python3.10/dist-packages/vacuum_cleaner_robot_custom_interfaces/srv/__init__.py
[0.274s] -- Up-to-date: /home/fourfold/dev/inmind sessions/inmind-session-12/vacuum-cleaner-robot/install/vacuum_cleaner_robot_custom_interfaces/local/lib/python3.10/dist-packages/vacuum_cleaner_robot_custom_interfaces/srv/_get_repulsive_force.py
[0.274s] -- Up-to-date: /home/fourfold/dev/inmind sessions/inmind-session-12/vacuum-cleaner-robot/install/vacuum_cleaner_robot_custom_interfaces/local/lib/python3.10/dist-packages/vacuum_cleaner_robot_custom_interfaces/__init__.py
[0.274s] -- Up-to-date: /home/fourfold/dev/inmind sessions/inmind-session-12/vacuum-cleaner-robot/install/vacuum_cleaner_robot_custom_interfaces/local/lib/python3.10/dist-packages/vacuum_cleaner_robot_custom_interfaces/_vacuum_cleaner_robot_custom_interfaces_s.ep.rosidl_typesupport_c.c
[0.294s] Listing '/home/fourfold/dev/inmind sessions/inmind-session-12/vacuum-cleaner-robot/install/vacuum_cleaner_robot_custom_interfaces/local/lib/python3.10/dist-packages/vacuum_cleaner_robot_custom_interfaces'...
[0.294s] Listing '/home/fourfold/dev/inmind sessions/inmind-session-12/vacuum-cleaner-robot/install/vacuum_cleaner_robot_custom_interfaces/local/lib/python3.10/dist-packages/vacuum_cleaner_robot_custom_interfaces/srv'...
[0.297s] -- Up-to-date: /home/fourfold/dev/inmind sessions/inmind-session-12/vacuum-cleaner-robot/install/vacuum_cleaner_robot_custom_interfaces/local/lib/python3.10/dist-packages/vacuum_cleaner_robot_custom_interfaces/vacuum_cleaner_robot_custom_interfaces_s__rosidl_typesupport_fastrtps_c.cpython-310-x86_64-linux-gnu.so
[0.297s] -- Up-to-date: /home/fourfold/dev/inmind sessions/inmind-session-12/vacuum-cleaner-robot/install/vacuum_cleaner_robot_custom_interfaces/local/lib/python3.10/dist-packages/vacuum_cleaner_robot_custom_interfaces/vacuum_cleaner_robot_custom_interfaces_s__rosidl_typesupport_introspection_c.cpython-310-x86_64-linux-gnu.so
[0.297s] -- Up-to-date: /home/fourfold/dev/inmind sessions/inmind-session-12/vacuum-cleaner-robot/install/vacuum_cleaner_robot_custom_interfaces/local/lib/python3.10/dist-packages/vacuum_cleaner_robot_custom_interfaces/vacuum_cleaner_robot_custom_interfaces_s__rosidl_typesupport_c.cpython-310-x86_64-linux-gnu.so
[0.297s] -- Up-to-date: /home/fourfold/dev/inmind sessions/inmind-session-12/vacuum-cleaner-robot/install/vacuum_cleaner_robot_custom_interfaces/lib/libvacuum_cleaner_robot_custom_interfaces__rosidl_generator_py.so
[0.297s] -- Up-to-date: /home/fourfold/dev/inmind sessions/inmind-session-12/vacuum-cleaner-robot/install/vacuum_cleaner_robot_custom_interfaces/share/vacuum_cleaner_robot_custom_interfaces/srv/GetRepulsiveForce.idl
[0.297s] -- Up-to-date: /home/fourfold/dev/inmind sessions/inmind-session-12/vacuum-cleaner-robot/install/vacuum_cleaner_robot_custom_interfaces/share/vacuum_cleaner_robot_custom_interfaces/srv/GetRepulsiveForce.srv
[0.297s] -- Up-to-date: /home/fourfold/dev/inmind sessions/inmind-session-12/vacuum-cleaner-robot/install/vacuum_cleaner_robot_custom_interfaces/share/vacuum_cleaner_robot_custom_interfaces/srv/GetRepulsiveForce_Request.msg
[0.297s] -- Up-to-date: /home/fourfold/dev/inmind sessions/inmind-session-12/vacuum-cleaner-robot/install/vacuum_cleaner_robot_custom_interfaces/share/vacuum_cleaner_robot_custom_interfaces/srv/GetRepulsiveForce_Response.msg
[0.297s] -- Up-to-date: /home/fourfold/dev/inmind sessions/inmind-session-12/vacuum-cleaner-robot/install/vacuum_cleaner_robot_custom_interfaces/share/ament_index/resource_index/package_run_dependencies/vacuum_cleaner_robot_custom_interfaces
[0.297s] -- Up-to-date: /home/fourfold/dev/inmind sessions/inmind-session-12/vacuum-cleaner-robot/install/vacuum_cleaner_robot_custom_interfaces/share/ament_index/resource_index/parent_prefix_path/vacuum_cleaner_robot_custom_interfaces
[0.297s] -- Up-to-date: /home/fourfold/dev/inmind sessions/inmind-session-12/vacuum-cleaner-robot/install/vacuum_cleaner_robot_custom_interfaces/share/vacuum_cleaner_robot_custom_interfaces/environment/ament_prefix_path.sh
[0.298s] -- Up-to-date: /home/fourfold/dev/inmind sessions/inmind-session-12/vacuum-cleaner-robot/install/vacuum_cleaner_robot_custom_interfaces/share/vacuum_cleaner_robot_custom_interfaces/environment/ament_prefix_path.dsv
[0.298s] -- Up-to-date: /home/fourfold/dev/inmind sessions/inmind-session-12/vacuum-cleaner-robot/install/vacuum_cleaner_robot_custom_interfaces/share/vacuum_cleaner_robot_custom_interfaces/environment/path.sh
[0.298s] -- Up-to-date: /home/fourfold/dev/inmind sessions/inmind-session-12/vacuum-cleaner-robot/install/vacuum_cleaner_robot_custom_interfaces/share/vacuum_cleaner_robot_custom_interfaces/environment/path.dsv
[0.298s] -- Up-to-date: /home/fourfold/dev/inmind sessions/inmind-session-12/vacuum-cleaner-robot/install/vacuum_cleaner_robot_custom_interfaces/share/vacuum_cleaner_robot_custom_interfaces/local_setup.bash
[0.298s] -- Up-to-date: /home/fourfold/dev/inmind sessions/inmind-session-12/vacuum-cleaner-robot/install/vacuum_cleaner_robot_custom_interfaces/share/vacuum_cleaner_robot_custom_interfaces/local_setup.sh
[0.298s] -- Up-to-date: /home/fourfold/dev/inmind sessions/inmind-session-12/vacuum-cleaner-robot/install/vacuum_cleaner_robot_custom_interfaces/share/vacuum_cleaner_robot_custom_interfaces/local_setup.zsh
[0.298s] -- Up-to-date: /home/fourfold/dev/inmind sessions/inmind-session-12/vacuum-cleaner-robot/install/vacuum_cleaner_robot_custom_interfaces/share/vacuum_cleaner_robot_custom_interfaces/local_setup.dsv
[0.298s] -- Installing: /home/fourfold/dev/inmind sessions/inmind-session-12/vacuum-cleaner-robot/install/vacuum_cleaner_robot_custom_interfaces/share/vacuum_cleaner_robot_custom_interfaces/package.dsv
[0.298s] -- Up-to-date: /home/fourfold/dev/inmind sessions/inmind-session-12/vacuum-cleaner-robot/install/vacuum_cleaner_robot_custom_interfaces/share/ament_index/resource_index/packages/vacuum_cleaner_robot_custom_interfaces
[0.298s] -- Up-to-date: /home/fourfold/dev/inmind sessions/inmind-session-12/vacuum-cleaner-robot/install/vacuum_cleaner_robot_custom_interfaces/share/vacuum_cleaner_robot_custom_interfaces/cmake/export_vacuum_cleaner_robot_custom_interfaces__rosidl_generator_cExport.cmake
[0.298s] -- Up-to-date: /home/fourfold/dev/inmind sessions/inmind-session-12/vacuum-cleaner-robot/install/vacuum_cleaner_robot_custom_interfaces/share/vacuum_cleaner_robot_custom_interfaces/cmake/export_vacuum_cleaner_robot_custom_interfaces__rosidl_generator_cExport-noconfig.cmake
[0.298s] -- Up-to-date: /home/fourfold/dev/inmind sessions/inmind-session-12/vacuum-cleaner-robot/install/vacuum_cleaner_robot_custom_interfaces/share/vacuum_cleaner_robot_custom_interfaces/cmake/export_vacuum_cleaner_robot_custom_interfaces__rosidl_typesupport_fastrtps_cExport.cmake
[0.298s] -- Up-to-date: /home/fourfold/dev/inmind sessions/inmind-session-12/vacuum-cleaner-robot/install/vacuum_cleaner_robot_custom_interfaces/share/vacuum_cleaner_robot_custom_interfaces/cmake/export_vacuum_cleaner_robot_custom_interfaces__rosidl_typesupport_fastrtps_cExport-noconfig.cmake
[0.298s] -- Up-to-date: /home/fourfold/dev/inmind sessions/inmind-session-12/vacuum-cleaner-robot/install/vacuum_cleaner_robot_custom_interfaces/share/vacuum_cleaner_robot_custom_interfaces/cmake/export_vacuum_cleaner_robot_custom_interfaces__rosidl_generator_cppExport.cmake
[0.298s] -- Up-to-date: /home/fourfold/dev/inmind sessions/inmind-session-12/vacuum-cleaner-robot/install/vacuum_cleaner_robot_custom_interfaces/share/vacuum_cleaner_robot_custom_interfaces/cmake/export_vacuum_cleaner_robot_custom_interfaces__rosidl_typesupport_fastrtps_cppExport.cmake
[0.298s] -- Up-to-date: /home/fourfold/dev/inmind sessions/inmind-session-12/vacuum-cleaner-robot/install/vacuum_cleaner_robot_custom_interfaces/share/vacuum_cleaner_robot_custom_interfaces/cmake/export_vacuum_cleaner_robot_custom_interfaces__rosidl_typesupport_fastrtps_cppExport-noconfig.cmake
[0.298s] -- Up-to-date: /home/fourfold/dev/inmind sessions/inmind-session-12/vacuum-cleaner-robot/install/vacuum_cleaner_robot_custom_interfaces/share/vacuum_cleaner_robot_custom_interfaces/cmake/vacuum_cleaner_robot_custom_interfaces__rosidl_typesupport_introspection_cExport.cmake
[0.298s] -- Up-to-date: /home/fourfold/dev/inmind sessions/inmind-session-12/vacuum-cleaner-robot/install/vacuum_cleaner_robot_custom_interfaces/share/vacuum_cleaner_robot_custom_interfaces/cmake/vacuum_cleaner_robot_custom_interfaces__rosidl_typesupport_introspection_cExport-noconfig.cmake
[0.298s] -- Up-to-date: /home/fourfold/dev/inmind sessions/inmind-session-12/vacuum-cleaner-robot/install/vacuum_cleaner_robot_custom_interfaces/share/vacuum_cleaner_robot_custom_interfaces/cmake/vacuum_cleaner_robot_custom_interfaces__rosidl_typesupport_cExport.cmake
[0.298s] -- Up-to-date: /home/fourfold/dev/inmind sessions/inmind-session-12/vacuum-cleaner-robot/install/vacuum_cleaner_robot_custom_interfaces/share/vacuum_cleaner_robot_custom_interfaces/cmake/vacuum_cleaner_robot_custom_interfaces__rosidl_typesupport_cExport-noconfig.cmake
[0.298s] -- Up-to-date: /home/fourfold/dev/inmind sessions/inmind-session-12/vacuum-cleaner-robot/install/vacuum_cleaner_robot_custom_interfaces/share/vacuum_cleaner_robot_custom_interfaces/cmake/vacuum_cleaner_robot_custom_interfaces__rosidl_typesupport_introspection_cppExport.cmake
[0.298s] -- Up-to-date: /home/fourfold/dev/inmind sessions/inmind-session-12/vacuum-cleaner-robot/install/vacuum_cleaner_robot_custom_interfaces/share/vacuum_cleaner_robot_custom_interfaces/cmake/vacuum_cleaner_robot_custom_interfaces__rosidl_typesupport_introspection_cppExport-noconfig.cmake
[0.298s] -- Up-to-date: /home/fourfold/dev/inmind sessions/inmind-session-12/vacuum-cleaner-robot/install/vacuum_cleaner_robot_custom_interfaces/share/vacuum_cleaner_robot_custom_interfaces/cmake/vacuum_cleaner_robot_custom_interfaces__rosidl_typesupport_cppExport.cmake
[0.298s] -- Up-to-date: /home/fourfold/dev/inmind sessions/inmind-session-12/vacuum-cleaner-robot/install/vacuum_cleaner_robot_custom_interfaces/share/vacuum_cleaner_robot_custom_interfaces/cmake/vacuum_cleaner_robot_custom_interfaces__rosidl_typesupport_cppExport-noconfig.cmake
[0.298s] -- Up-to-date: /home/fourfold/dev/inmind sessions/inmind-session-12/vacuum-cleaner-robot/install/vacuum_cleaner_robot_custom_interfaces/share/vacuum_cleaner_robot_custom_interfaces/cmake/export_vacuum_cleaner_robot_custom_interfaces__rosidl_generator_pyExport.cmake
[0.298s] -- Up-to-date: /home/fourfold/dev/inmind sessions/inmind-session-12/vacuum-cleaner-robot/install/vacuum_cleaner_robot_custom_interfaces/share/vacuum_cleaner_robot_custom_interfaces/cmake/export_vacuum_cleaner_robot_custom_interfaces__rosidl_generator_pyExport-noconfig.cmake
[0.298s] -- Up-to-date: /home/fourfold/dev/inmind sessions/inmind-session-12/vacuum-cleaner-robot/install/vacuum_cleaner_robot_custom_interfaces/share/vacuum_cleaner_robot_custom_interfaces/cmake/rosidl_cmake-extras.cmake
[0.298s] -- Up-to-date: /home/fourfold/dev/inmind sessions/inmind-session-12/vacuum-cleaner-robot/install/vacuum_cleaner_robot_custom_interfaces/share/vacuum_cleaner_robot_custom_interfaces/cmake/ament_cmake_export_dependencies-extras.cmake
[0.298s] -- Up-to-date: /home/fourfold/dev/inmind sessions/inmind-session-12/vacuum-cleaner-robot/install/vacuum_cleaner_robot_custom_interfaces/share/vacuum_cleaner_robot_custom_interfaces/cmake/ament_cmake_export_include_directories-extras.cmake
[0.299s] -- Up-to-date: /home/fourfold/dev/inmind sessions/inmind-session-12/vacuum-cleaner-robot/install/vacuum_cleaner_robot_custom_interfaces/share/vacuum_cleaner_robot_custom_interfaces/cmake/ament_cmake_export_libraries-extras.cmake
[0.299s] -- Up-to-date: /home/fourfold/dev/inmind sessions/inmind-session-12/vacuum-cleaner-robot/install/vacuum_cleaner_robot_custom_interfaces/share/vacuum_cleaner_robot_custom_interfaces/cmake/ament_cmake_export_targets-extras.cmake
[0.299s] -- Up-to-date: /home/fourfold/dev/inmind sessions/inmind-session-12/vacuum-cleaner-robot/install/vacuum_cleaner_robot_custom_interfaces/share/vacuum_cleaner_robot_custom_interfaces/cmake/rosidl_cmake_export_typesupport_targets-extras.cmake
[0.299s] -- Up-to-date: /home/fourfold/dev/inmind sessions/inmind-session-12/vacuum-cleaner-robot/install/vacuum_cleaner_robot_custom_interfaces/share/vacuum_cleaner_robot_custom_interfaces/cmake/rosidl_cmake_export_typesupport_libraries-extras.cmake
[0.299s] -- Up-to-date: /home/fourfold/dev/inmind sessions/inmind-session-12/vacuum-cleaner-robot/install/vacuum_cleaner_robot_custom_interfaces/share/vacuum_cleaner_robot_custom_interfaces/cmake/vacuum_cleaner_robot_custom_interfacesConfig.cmake
[0.299s] -- Up-to-date: /home/fourfold/dev/inmind sessions/inmind-session-12/vacuum-cleaner-robot/install/vacuum_cleaner_robot_custom_interfaces/share/vacuum_cleaner_robot_custom_interfaces/cmake/vacuum_cleaner_robot_custom_interfacesConfig-version.cmake
[0.299s] -- Up-to-date: /home/fourfold/dev/inmind sessions/inmind-session-12/vacuum-cleaner-robot/install/vacuum_cleaner_robot_custom_interfaces/share/vacuum_cleaner_robot_custom_interfaces/package.xml
[0.300s] Invoked command in '/home/fourfold/dev/inmind sessions/inmind-session-12/vacuum-cleaner-robot/build/vacuum_cleaner_robot_custom_interfaces' returned '0': CMAKE_PREFIX_PATH=${CMAKE_PREFIX_PATH}:/home/fourfold/dev/turtlebot3_ws/install/turtlebot3_teleop:/home/fourfold/dev/turtlebot3_ws/install/turtlebot3_example:/opt/ros/humble /usr/bin/cmake --install /home/fourfold/dev/inmind sessions/inmind-session-12/vacuum-cleaner-robot/build/vacuum_cleaner_robot_custom_interfaces
