[0.006s] Invoking command in '/home/fourfold/dev/inmind sessions/inmind-session-12/vacuum-cleaner-robot/build/vacuum_cleaner_robot': CMAKE_PREFIX_PATH=/home/fourfold/dev/inmind sessions/inmind-session-12/vacuum-cleaner-robot/install/vacuum_cleaner_robot_custom_interfaces:/home/fourfold/dev/inmind sessions/inmind-session-12/vacuum-cleaner-robot/install/vacuum_cleaner_robot:/home/fourfold/dev/turtlebot3_ws/install/turtlebot3:/home/fourfold/dev/turtlebot3_ws/install/turtlebot3_simulations:/home/fourfold/dev/turtlebot3_ws/install/turtlebot3_bringup:/home/fourfold/dev/turtlebot3_ws/install/turtlebot3_node:/home/fourfold/dev/turtlebot3_ws/install/turtlebot3_navigation2:/home/fourfold/dev/turtlebot3_ws/install/turtlebot3_fake_node:/home/fourfold/dev/turtlebot3_ws/install/turtlebot3_msgs:/home/fourfold/dev/turtlebot3_ws/install/turtlebot3_gazebo:/home/fourfold/dev/turtlebot3_ws/install/turtlebot3_description:/home/fourfold/dev/turtlebot3_ws/install/turtlebot3_cartographer:/home/fourfold/dev/turtlebot3_ws/install/dynamixel_sdk_examples:/home/fourfold/dev/turtlebot3_ws/install/dynamixel_sdk_custom_interfaces:/home/fourfold/dev/turtlebot3_ws/install/dynamixel_sdk:/home/fourfold/dev/inmind sessions/inmind-session-9/session-9-assignment-firas/install/turtlebot_nav:/home/fourfold/dev/inmind sessions/inmind-session-9/session-9-assignment-firas/install/custom_interfaces:/home/fourfold/dev/turtlebot3_ws/install/turtlebot3_teleop:/home/fourfold/dev/turtlebot3_ws/install/turtlebot3_example:/opt/ros/humble /usr/bin/cmake --build /home/fourfold/dev/inmind sessions/inmind-session-12/vacuum-cleaner-robot/build/vacuum_cleaner_robot -- -j16 -l16
[0.023s] -- Found ament_cmake: 1.3.10 (/opt/ros/humble/share/ament_cmake/cmake)
[0.093s] -- Found rclcpp: 16.0.10 (/opt/ros/humble/share/rclcpp/cmake)
[0.108s] -- Found rosidl_generator_c: 3.1.5 (/opt/ros/humble/share/rosidl_generator_c/cmake)
[0.110s] -- Found rosidl_adapter: 3.1.5 (/opt/ros/humble/share/rosidl_adapter/cmake)
[0.113s] -- Found rosidl_generator_cpp: 3.1.5 (/opt/ros/humble/share/rosidl_generator_cpp/cmake)
[0.118s] -- Using all available rosidl_typesupport_c: rosidl_typesupport_fastrtps_c;rosidl_typesupport_introspection_c
[0.124s] -- Using all available rosidl_typesupport_cpp: rosidl_typesupport_fastrtps_cpp;rosidl_typesupport_introspection_cpp
[0.141s] -- Found rmw_implementation_cmake: 6.1.2 (/opt/ros/humble/share/rmw_implementation_cmake/cmake)
[0.142s] -- Found rmw_fastrtps_cpp: 6.2.7 (/opt/ros/humble/share/rmw_fastrtps_cpp/cmake)
[0.199s] -- Using RMW implementation 'rmw_fastrtps_cpp' as default
[0.224s] -- Found nav_msgs: 4.2.4 (/opt/ros/humble/share/nav_msgs/cmake)
[0.238s] -- Found sensor_msgs: 4.2.4 (/opt/ros/humble/share/sensor_msgs/cmake)
[0.246s] -- Found visualization_msgs: 4.2.4 (/opt/ros/humble/share/visualization_msgs/cmake)
[0.257s] -- Found vacuum_cleaner_robot_custom_interfaces: 0.0.0 (/home/fourfold/dev/inmind sessions/inmind-session-12/vacuum-cleaner-robot/install/vacuum_cleaner_robot_custom_interfaces/share/vacuum_cleaner_robot_custom_interfaces/cmake)
[0.266s] -- Found ament_lint_auto: 0.12.11 (/opt/ros/humble/share/ament_lint_auto/cmake)
[0.304s] -- Added test 'cppcheck' to perform static code analysis on C / C++ code
[0.304s] -- Configured cppcheck include dirs: /home/fourfold/dev/inmind sessions/inmind-session-12/vacuum-cleaner-robot/src/vacuum_cleaner_robot/include
[0.304s] -- Configured cppcheck exclude dirs and/or files: 
[0.304s] -- Added test 'lint_cmake' to check CMake code style
[0.305s] -- Added test 'uncrustify' to check C / C++ code style
[0.305s] -- Configured uncrustify additional arguments: 
[0.305s] -- Added test 'xmllint' to check XML markup files
[0.305s] -- Configuring done
[0.312s] -- Generating done
[0.312s] -- Build files have been written to: /home/fourfold/dev/inmind sessions/inmind-session-12/vacuum-cleaner-robot/build/vacuum_cleaner_robot
[0.333s] [ 25%] [32mBuilding CXX object CMakeFiles/navigator.dir/src/navigator.cpp.o[0m
[0.334s] [ 50%] [32mBuilding CXX object CMakeFiles/avoidance_server.dir/src/obstacle_avoidance_server.cpp.o[0m
[1.546s] [01m[K/home/fourfold/dev/inmind sessions/inmind-session-12/vacuum-cleaner-robot/src/vacuum_cleaner_robot/src/navigator.cpp:[m[K In member function ‘[01m[Kgeometry_msgs::msg::Vector3 Navigator::get_repulsive_force()[m[K’:
[1.546s] [01m[K/home/fourfold/dev/inmind sessions/inmind-session-12/vacuum-cleaner-robot/src/vacuum_cleaner_robot/src/navigator.cpp:55:13:[m[K [01;31m[Kerror: [m[Kreturn-statement with no value, in function returning ‘[01m[Kgeometry_msgs::msg::Vector3[m[K’ {aka ‘[01m[Kgeometry_msgs::msg::Vector3_<std::allocator<void> >[m[K’} [[01;31m[K]8;;https://gcc.gnu.org/onlinedocs/gcc/Warning-Options.html#index-fpermissive-fpermissive]8;;[m[K]
[1.546s]    55 |             [01;31m[Kreturn[m[K;
[1.546s]       |             [01;31m[K^~~~~~[m[K
[1.547s] [01m[K/home/fourfold/dev/inmind sessions/inmind-session-12/vacuum-cleaner-robot/src/vacuum_cleaner_robot/src/obstacle_avoidance_server.cpp:[m[K In member function ‘[01m[Kvoid ObstacleAvoidanceServer::obstacle_avoidance_callback(std::shared_ptr<vacuum_cleaner_robot_custom_interfaces::srv::GetRepulsiveForce_Request_<std::allocator<void> > >, std::shared_ptr<vacuum_cleaner_robot_custom_interfaces::srv::GetRepulsiveForce_Response_<std::allocator<void> > >)[m[K’:
[1.547s] [01m[K/home/fourfold/dev/inmind sessions/inmind-session-12/vacuum-cleaner-robot/src/vacuum_cleaner_robot/src/obstacle_avoidance_server.cpp:54:154:[m[K [01;35m[Kwarning: [m[Kunused parameter ‘[01m[Krequest[m[K’ [[01;35m[K]8;;https://gcc.gnu.org/onlinedocs/gcc/Warning-Options.html#index-Wunused-parameter-Wunused-parameter]8;;[m[K]
[1.547s]    54 | void ObstacleAvoidanceServer::obstacle_avoidance_callback([01;35m[Kconst std::shared_ptr<vacuum_cleaner_robot_custom_interfaces::srv::GetRepulsiveForce::Request> request[m[K,
[1.547s]       |                                                           [01;35m[K~~~~~~~~~~~~~~~~~~~~~~~~~~~~~~~~~~~~~~~~~~~~~~~~~~~~~~~~~~~~~~~~~~~~~~~~~~~~~~~~~~~~~~~~~~~~~~~^~~~~~~[m[K
[2.082s] gmake[2]: *** [CMakeFiles/navigator.dir/build.make:76: CMakeFiles/navigator.dir/src/navigator.cpp.o] Error 1
[2.082s] gmake[1]: *** [CMakeFiles/Makefile2:139: CMakeFiles/navigator.dir/all] Error 2
[2.082s] gmake[1]: *** Waiting for unfinished jobs....
[4.782s] [ 75%] [32m[1mLinking CXX executable avoidance_server[0m
[5.007s] [ 75%] Built target avoidance_server
[5.008s] gmake: *** [Makefile:146: all] Error 2
[5.010s] Invoked command in '/home/fourfold/dev/inmind sessions/inmind-session-12/vacuum-cleaner-robot/build/vacuum_cleaner_robot' returned '2': CMAKE_PREFIX_PATH=/home/fourfold/dev/inmind sessions/inmind-session-12/vacuum-cleaner-robot/install/vacuum_cleaner_robot_custom_interfaces:/home/fourfold/dev/inmind sessions/inmind-session-12/vacuum-cleaner-robot/install/vacuum_cleaner_robot:/home/fourfold/dev/turtlebot3_ws/install/turtlebot3:/home/fourfold/dev/turtlebot3_ws/install/turtlebot3_simulations:/home/fourfold/dev/turtlebot3_ws/install/turtlebot3_bringup:/home/fourfold/dev/turtlebot3_ws/install/turtlebot3_node:/home/fourfold/dev/turtlebot3_ws/install/turtlebot3_navigation2:/home/fourfold/dev/turtlebot3_ws/install/turtlebot3_fake_node:/home/fourfold/dev/turtlebot3_ws/install/turtlebot3_msgs:/home/fourfold/dev/turtlebot3_ws/install/turtlebot3_gazebo:/home/fourfold/dev/turtlebot3_ws/install/turtlebot3_description:/home/fourfold/dev/turtlebot3_ws/install/turtlebot3_cartographer:/home/fourfold/dev/turtlebot3_ws/install/dynamixel_sdk_examples:/home/fourfold/dev/turtlebot3_ws/install/dynamixel_sdk_custom_interfaces:/home/fourfold/dev/turtlebot3_ws/install/dynamixel_sdk:/home/fourfold/dev/inmind sessions/inmind-session-9/session-9-assignment-firas/install/turtlebot_nav:/home/fourfold/dev/inmind sessions/inmind-session-9/session-9-assignment-firas/install/custom_interfaces:/home/fourfold/dev/turtlebot3_ws/install/turtlebot3_teleop:/home/fourfold/dev/turtlebot3_ws/install/turtlebot3_example:/opt/ros/humble /usr/bin/cmake --build /home/fourfold/dev/inmind sessions/inmind-session-12/vacuum-cleaner-robot/build/vacuum_cleaner_robot -- -j16 -l16
