-- Found ament_cmake: 1.3.10 (/opt/ros/humble/share/ament_cmake/cmake)
-- Found rclcpp: 16.0.10 (/opt/ros/humble/share/rclcpp/cmake)
-- Found rosidl_generator_c: 3.1.5 (/opt/ros/humble/share/rosidl_generator_c/cmake)
-- Found rosidl_adapter: 3.1.5 (/opt/ros/humble/share/rosidl_adapter/cmake)
-- Found rosidl_generator_cpp: 3.1.5 (/opt/ros/humble/share/rosidl_generator_cpp/cmake)
-- Using all available rosidl_typesupport_c: rosidl_typesupport_fastrtps_c;rosidl_typesupport_introspection_c
-- Using all available rosidl_typesupport_cpp: rosidl_typesupport_fastrtps_cpp;rosidl_typesupport_introspection_cpp
-- Found rmw_implementation_cmake: 6.1.2 (/opt/ros/humble/share/rmw_implementation_cmake/cmake)
-- Found rmw_fastrtps_cpp: 6.2.7 (/opt/ros/humble/share/rmw_fastrtps_cpp/cmake)
-- Using RMW implementation 'rmw_fastrtps_cpp' as default
-- Found nav_msgs: 4.2.4 (/opt/ros/humble/share/nav_msgs/cmake)
-- Found sensor_msgs: 4.2.4 (/opt/ros/humble/share/sensor_msgs/cmake)
-- Found visualization_msgs: 4.2.4 (/opt/ros/humble/share/visualization_msgs/cmake)
-- Found vacuum_cleaner_robot_custom_interfaces: 0.0.0 (/home/fourfold/dev/inmind sessions/inmind-session-12/vacuum-cleaner-robot/install/vacuum_cleaner_robot_custom_interfaces/share/vacuum_cleaner_robot_custom_interfaces/cmake)
-- Found ament_lint_auto: 0.12.11 (/opt/ros/humble/share/ament_lint_auto/cmake)
-- Added test 'cppcheck' to perform static code analysis on C / C++ code
-- Configured cppcheck include dirs: /home/fourfold/dev/inmind sessions/inmind-session-12/vacuum-cleaner-robot/src/vacuum_cleaner_robot/include
-- Configured cppcheck exclude dirs and/or files: 
-- Added test 'lint_cmake' to check CMake code style
-- Added test 'uncrustify' to check C / C++ code style
-- Configured uncrustify additional arguments: 
-- Added test 'xmllint' to check XML markup files
-- Configuring done
-- Generating done
-- Build files have been written to: /home/fourfold/dev/inmind sessions/inmind-session-12/vacuum-cleaner-robot/build/vacuum_cleaner_robot
[35m[1mConsolidate compiler generated dependencies of target avoidance_server[0m
[ 25%] [32mBuilding CXX object CMakeFiles/navigator_node.dir/src/navigator.cpp.o[0m
[ 50%] [32mBuilding CXX object CMakeFiles/avoidance_server.dir/src/obstacle_avoidance_server.cpp.o[0m
[ 75%] [32m[1mLinking CXX executable navigator_node[0m
[ 75%] Built target navigator_node
[100%] [32m[1mLinking CXX executable avoidance_server[0m
[100%] Built target avoidance_server
-- Install configuration: ""
-- Installing: /home/fourfold/dev/inmind sessions/inmind-session-12/vacuum-cleaner-robot/install/vacuum_cleaner_robot/lib/vacuum_cleaner_robot/navigator_node
-- Set runtime path of "/home/fourfold/dev/inmind sessions/inmind-session-12/vacuum-cleaner-robot/install/vacuum_cleaner_robot/lib/vacuum_cleaner_robot/navigator_node" to ""
-- Installing: /home/fourfold/dev/inmind sessions/inmind-session-12/vacuum-cleaner-robot/install/vacuum_cleaner_robot/lib/vacuum_cleaner_robot/avoidance_server
-- Set runtime path of "/home/fourfold/dev/inmind sessions/inmind-session-12/vacuum-cleaner-robot/install/vacuum_cleaner_robot/lib/vacuum_cleaner_robot/avoidance_server" to ""
-- Up-to-date: /home/fourfold/dev/inmind sessions/inmind-session-12/vacuum-cleaner-robot/install/vacuum_cleaner_robot/share/ament_index/resource_index/package_run_dependencies/vacuum_cleaner_robot
-- Up-to-date: /home/fourfold/dev/inmind sessions/inmind-session-12/vacuum-cleaner-robot/install/vacuum_cleaner_robot/share/ament_index/resource_index/parent_prefix_path/vacuum_cleaner_robot
-- Up-to-date: /home/fourfold/dev/inmind sessions/inmind-session-12/vacuum-cleaner-robot/install/vacuum_cleaner_robot/share/vacuum_cleaner_robot/environment/ament_prefix_path.sh
-- Installing: /home/fourfold/dev/inmind sessions/inmind-session-12/vacuum-cleaner-robot/install/vacuum_cleaner_robot/share/vacuum_cleaner_robot/environment/ament_prefix_path.dsv
-- Up-to-date: /home/fourfold/dev/inmind sessions/inmind-session-12/vacuum-cleaner-robot/install/vacuum_cleaner_robot/share/vacuum_cleaner_robot/environment/path.sh
-- Installing: /home/fourfold/dev/inmind sessions/inmind-session-12/vacuum-cleaner-robot/install/vacuum_cleaner_robot/share/vacuum_cleaner_robot/environment/path.dsv
-- Up-to-date: /home/fourfold/dev/inmind sessions/inmind-session-12/vacuum-cleaner-robot/install/vacuum_cleaner_robot/share/vacuum_cleaner_robot/local_setup.bash
-- Up-to-date: /home/fourfold/dev/inmind sessions/inmind-session-12/vacuum-cleaner-robot/install/vacuum_cleaner_robot/share/vacuum_cleaner_robot/local_setup.sh
-- Up-to-date: /home/fourfold/dev/inmind sessions/inmind-session-12/vacuum-cleaner-robot/install/vacuum_cleaner_robot/share/vacuum_cleaner_robot/local_setup.zsh
-- Installing: /home/fourfold/dev/inmind sessions/inmind-session-12/vacuum-cleaner-robot/install/vacuum_cleaner_robot/share/vacuum_cleaner_robot/local_setup.dsv
-- Installing: /home/fourfold/dev/inmind sessions/inmind-session-12/vacuum-cleaner-robot/install/vacuum_cleaner_robot/share/vacuum_cleaner_robot/package.dsv
-- Up-to-date: /home/fourfold/dev/inmind sessions/inmind-session-12/vacuum-cleaner-robot/install/vacuum_cleaner_robot/share/ament_index/resource_index/packages/vacuum_cleaner_robot
-- Up-to-date: /home/fourfold/dev/inmind sessions/inmind-session-12/vacuum-cleaner-robot/install/vacuum_cleaner_robot/share/vacuum_cleaner_robot/cmake/vacuum_cleaner_robotConfig.cmake
-- Up-to-date: /home/fourfold/dev/inmind sessions/inmind-session-12/vacuum-cleaner-robot/install/vacuum_cleaner_robot/share/vacuum_cleaner_robot/cmake/vacuum_cleaner_robotConfig-version.cmake
-- Up-to-date: /home/fourfold/dev/inmind sessions/inmind-session-12/vacuum-cleaner-robot/install/vacuum_cleaner_robot/share/vacuum_cleaner_robot/package.xml
