[0.006s] Invoking command in '/home/fourfold/dev/inmind sessions/inmind-session-12/vacuum-cleaner-robot/build/vacuum_cleaner_robot': CMAKE_PREFIX_PATH=/home/fourfold/dev/inmind sessions/inmind-session-12/vacuum-cleaner-robot/install/vacuum_cleaner_robot_custom_interfaces:/home/fourfold/dev/inmind sessions/inmind-session-12/vacuum-cleaner-robot/install/vacuum_cleaner_robot:/home/fourfold/dev/turtlebot3_ws/install/turtlebot3:/home/fourfold/dev/turtlebot3_ws/install/turtlebot3_simulations:/home/fourfold/dev/turtlebot3_ws/install/turtlebot3_bringup:/home/fourfold/dev/turtlebot3_ws/install/turtlebot3_node:/home/fourfold/dev/turtlebot3_ws/install/turtlebot3_navigation2:/home/fourfold/dev/turtlebot3_ws/install/turtlebot3_fake_node:/home/fourfold/dev/turtlebot3_ws/install/turtlebot3_msgs:/home/fourfold/dev/turtlebot3_ws/install/turtlebot3_gazebo:/home/fourfold/dev/turtlebot3_ws/install/turtlebot3_description:/home/fourfold/dev/turtlebot3_ws/install/turtlebot3_cartographer:/home/fourfold/dev/turtlebot3_ws/install/dynamixel_sdk_examples:/home/fourfold/dev/turtlebot3_ws/install/dynamixel_sdk_custom_interfaces:/home/fourfold/dev/turtlebot3_ws/install/dynamixel_sdk:/home/fourfold/dev/inmind sessions/inmind-session-9/session-9-assignment-firas/install/turtlebot_nav:/home/fourfold/dev/inmind sessions/inmind-session-9/session-9-assignment-firas/install/custom_interfaces:/home/fourfold/dev/turtlebot3_ws/install/turtlebot3_teleop:/home/fourfold/dev/turtlebot3_ws/install/turtlebot3_example:/opt/ros/humble /usr/bin/cmake --build /home/fourfold/dev/inmind sessions/inmind-session-12/vacuum-cleaner-robot/build/vacuum_cleaner_robot -- -j16 -l16
[0.022s] -- Found ament_cmake: 1.3.10 (/opt/ros/humble/share/ament_cmake/cmake)
[0.093s] -- Found rclcpp: 16.0.10 (/opt/ros/humble/share/rclcpp/cmake)
[0.107s] -- Found rosidl_generator_c: 3.1.5 (/opt/ros/humble/share/rosidl_generator_c/cmake)
[0.109s] -- Found rosidl_adapter: 3.1.5 (/opt/ros/humble/share/rosidl_adapter/cmake)
[0.112s] -- Found rosidl_generator_cpp: 3.1.5 (/opt/ros/humble/share/rosidl_generator_cpp/cmake)
[0.117s] -- Using all available rosidl_typesupport_c: rosidl_typesupport_fastrtps_c;rosidl_typesupport_introspection_c
[0.124s] -- Using all available rosidl_typesupport_cpp: rosidl_typesupport_fastrtps_cpp;rosidl_typesupport_introspection_cpp
[0.143s] -- Found rmw_implementation_cmake: 6.1.2 (/opt/ros/humble/share/rmw_implementation_cmake/cmake)
[0.144s] -- Found rmw_fastrtps_cpp: 6.2.7 (/opt/ros/humble/share/rmw_fastrtps_cpp/cmake)
[0.202s] -- Using RMW implementation 'rmw_fastrtps_cpp' as default
[0.227s] -- Found nav_msgs: 4.2.4 (/opt/ros/humble/share/nav_msgs/cmake)
[0.242s] -- Found sensor_msgs: 4.2.4 (/opt/ros/humble/share/sensor_msgs/cmake)
[0.250s] -- Found visualization_msgs: 4.2.4 (/opt/ros/humble/share/visualization_msgs/cmake)
[0.260s] -- Found vacuum_cleaner_robot_custom_interfaces: 0.0.0 (/home/fourfold/dev/inmind sessions/inmind-session-12/vacuum-cleaner-robot/install/vacuum_cleaner_robot_custom_interfaces/share/vacuum_cleaner_robot_custom_interfaces/cmake)
[0.269s] -- Found ament_lint_auto: 0.12.11 (/opt/ros/humble/share/ament_lint_auto/cmake)
[0.308s] -- Added test 'cppcheck' to perform static code analysis on C / C++ code
[0.308s] -- Configured cppcheck include dirs: /home/fourfold/dev/inmind sessions/inmind-session-12/vacuum-cleaner-robot/src/vacuum_cleaner_robot/include
[0.308s] -- Configured cppcheck exclude dirs and/or files: 
[0.308s] -- Added test 'lint_cmake' to check CMake code style
[0.308s] -- Added test 'uncrustify' to check C / C++ code style
[0.309s] -- Configured uncrustify additional arguments: 
[0.309s] -- Added test 'xmllint' to check XML markup files
[0.309s] -- Configuring done
[0.316s] -- Generating done
[0.317s] -- Build files have been written to: /home/fourfold/dev/inmind sessions/inmind-session-12/vacuum-cleaner-robot/build/vacuum_cleaner_robot
[0.333s] [35m[1mConsolidate compiler generated dependencies of target avoidance_server[0m
[0.338s] [ 25%] [32mBuilding CXX object CMakeFiles/navigator_node.dir/src/navigator.cpp.o[0m
[0.342s] [ 50%] [32mBuilding CXX object CMakeFiles/avoidance_server.dir/src/obstacle_avoidance_server.cpp.o[0m
[2.886s] [ 75%] [32m[1mLinking CXX executable navigator_node[0m
[3.015s] [ 75%] Built target navigator_node
[4.740s] [100%] [32m[1mLinking CXX executable avoidance_server[0m
[4.962s] [100%] Built target avoidance_server
[4.973s] Invoked command in '/home/fourfold/dev/inmind sessions/inmind-session-12/vacuum-cleaner-robot/build/vacuum_cleaner_robot' returned '0': CMAKE_PREFIX_PATH=/home/fourfold/dev/inmind sessions/inmind-session-12/vacuum-cleaner-robot/install/vacuum_cleaner_robot_custom_interfaces:/home/fourfold/dev/inmind sessions/inmind-session-12/vacuum-cleaner-robot/install/vacuum_cleaner_robot:/home/fourfold/dev/turtlebot3_ws/install/turtlebot3:/home/fourfold/dev/turtlebot3_ws/install/turtlebot3_simulations:/home/fourfold/dev/turtlebot3_ws/install/turtlebot3_bringup:/home/fourfold/dev/turtlebot3_ws/install/turtlebot3_node:/home/fourfold/dev/turtlebot3_ws/install/turtlebot3_navigation2:/home/fourfold/dev/turtlebot3_ws/install/turtlebot3_fake_node:/home/fourfold/dev/turtlebot3_ws/install/turtlebot3_msgs:/home/fourfold/dev/turtlebot3_ws/install/turtlebot3_gazebo:/home/fourfold/dev/turtlebot3_ws/install/turtlebot3_description:/home/fourfold/dev/turtlebot3_ws/install/turtlebot3_cartographer:/home/fourfold/dev/turtlebot3_ws/install/dynamixel_sdk_examples:/home/fourfold/dev/turtlebot3_ws/install/dynamixel_sdk_custom_interfaces:/home/fourfold/dev/turtlebot3_ws/install/dynamixel_sdk:/home/fourfold/dev/inmind sessions/inmind-session-9/session-9-assignment-firas/install/turtlebot_nav:/home/fourfold/dev/inmind sessions/inmind-session-9/session-9-assignment-firas/install/custom_interfaces:/home/fourfold/dev/turtlebot3_ws/install/turtlebot3_teleop:/home/fourfold/dev/turtlebot3_ws/install/turtlebot3_example:/opt/ros/humble /usr/bin/cmake --build /home/fourfold/dev/inmind sessions/inmind-session-12/vacuum-cleaner-robot/build/vacuum_cleaner_robot -- -j16 -l16
[4.991s] Invoking command in '/home/fourfold/dev/inmind sessions/inmind-session-12/vacuum-cleaner-robot/build/vacuum_cleaner_robot': CMAKE_PREFIX_PATH=/home/fourfold/dev/inmind sessions/inmind-session-12/vacuum-cleaner-robot/install/vacuum_cleaner_robot_custom_interfaces:/home/fourfold/dev/inmind sessions/inmind-session-12/vacuum-cleaner-robot/install/vacuum_cleaner_robot:/home/fourfold/dev/turtlebot3_ws/install/turtlebot3:/home/fourfold/dev/turtlebot3_ws/install/turtlebot3_simulations:/home/fourfold/dev/turtlebot3_ws/install/turtlebot3_bringup:/home/fourfold/dev/turtlebot3_ws/install/turtlebot3_node:/home/fourfold/dev/turtlebot3_ws/install/turtlebot3_navigation2:/home/fourfold/dev/turtlebot3_ws/install/turtlebot3_fake_node:/home/fourfold/dev/turtlebot3_ws/install/turtlebot3_msgs:/home/fourfold/dev/turtlebot3_ws/install/turtlebot3_gazebo:/home/fourfold/dev/turtlebot3_ws/install/turtlebot3_description:/home/fourfold/dev/turtlebot3_ws/install/turtlebot3_cartographer:/home/fourfold/dev/turtlebot3_ws/install/dynamixel_sdk_examples:/home/fourfold/dev/turtlebot3_ws/install/dynamixel_sdk_custom_interfaces:/home/fourfold/dev/turtlebot3_ws/install/dynamixel_sdk:/home/fourfold/dev/inmind sessions/inmind-session-9/session-9-assignment-firas/install/turtlebot_nav:/home/fourfold/dev/inmind sessions/inmind-session-9/session-9-assignment-firas/install/custom_interfaces:/home/fourfold/dev/turtlebot3_ws/install/turtlebot3_teleop:/home/fourfold/dev/turtlebot3_ws/install/turtlebot3_example:/opt/ros/humble /usr/bin/cmake --install /home/fourfold/dev/inmind sessions/inmind-session-12/vacuum-cleaner-robot/build/vacuum_cleaner_robot
[4.995s] -- Install configuration: ""
[4.995s] -- Installing: /home/fourfold/dev/inmind sessions/inmind-session-12/vacuum-cleaner-robot/install/vacuum_cleaner_robot/lib/vacuum_cleaner_robot/navigator_node
[4.996s] -- Set runtime path of "/home/fourfold/dev/inmind sessions/inmind-session-12/vacuum-cleaner-robot/install/vacuum_cleaner_robot/lib/vacuum_cleaner_robot/navigator_node" to ""
[4.996s] -- Installing: /home/fourfold/dev/inmind sessions/inmind-session-12/vacuum-cleaner-robot/install/vacuum_cleaner_robot/lib/vacuum_cleaner_robot/avoidance_server
[4.998s] -- Set runtime path of "/home/fourfold/dev/inmind sessions/inmind-session-12/vacuum-cleaner-robot/install/vacuum_cleaner_robot/lib/vacuum_cleaner_robot/avoidance_server" to ""
[4.998s] -- Up-to-date: /home/fourfold/dev/inmind sessions/inmind-session-12/vacuum-cleaner-robot/install/vacuum_cleaner_robot/share/ament_index/resource_index/package_run_dependencies/vacuum_cleaner_robot
[4.998s] -- Up-to-date: /home/fourfold/dev/inmind sessions/inmind-session-12/vacuum-cleaner-robot/install/vacuum_cleaner_robot/share/ament_index/resource_index/parent_prefix_path/vacuum_cleaner_robot
[4.998s] -- Up-to-date: /home/fourfold/dev/inmind sessions/inmind-session-12/vacuum-cleaner-robot/install/vacuum_cleaner_robot/share/vacuum_cleaner_robot/environment/ament_prefix_path.sh
[4.998s] -- Installing: /home/fourfold/dev/inmind sessions/inmind-session-12/vacuum-cleaner-robot/install/vacuum_cleaner_robot/share/vacuum_cleaner_robot/environment/ament_prefix_path.dsv
[4.998s] -- Up-to-date: /home/fourfold/dev/inmind sessions/inmind-session-12/vacuum-cleaner-robot/install/vacuum_cleaner_robot/share/vacuum_cleaner_robot/environment/path.sh
[4.998s] -- Installing: /home/fourfold/dev/inmind sessions/inmind-session-12/vacuum-cleaner-robot/install/vacuum_cleaner_robot/share/vacuum_cleaner_robot/environment/path.dsv
[4.998s] -- Up-to-date: /home/fourfold/dev/inmind sessions/inmind-session-12/vacuum-cleaner-robot/install/vacuum_cleaner_robot/share/vacuum_cleaner_robot/local_setup.bash
[4.998s] -- Up-to-date: /home/fourfold/dev/inmind sessions/inmind-session-12/vacuum-cleaner-robot/install/vacuum_cleaner_robot/share/vacuum_cleaner_robot/local_setup.sh
[4.998s] -- Up-to-date: /home/fourfold/dev/inmind sessions/inmind-session-12/vacuum-cleaner-robot/install/vacuum_cleaner_robot/share/vacuum_cleaner_robot/local_setup.zsh
[4.998s] -- Installing: /home/fourfold/dev/inmind sessions/inmind-session-12/vacuum-cleaner-robot/install/vacuum_cleaner_robot/share/vacuum_cleaner_robot/local_setup.dsv
[4.998s] -- Installing: /home/fourfold/dev/inmind sessions/inmind-session-12/vacuum-cleaner-robot/install/vacuum_cleaner_robot/share/vacuum_cleaner_robot/package.dsv
[4.998s] -- Up-to-date: /home/fourfold/dev/inmind sessions/inmind-session-12/vacuum-cleaner-robot/install/vacuum_cleaner_robot/share/ament_index/resource_index/packages/vacuum_cleaner_robot
[4.998s] -- Up-to-date: /home/fourfold/dev/inmind sessions/inmind-session-12/vacuum-cleaner-robot/install/vacuum_cleaner_robot/share/vacuum_cleaner_robot/cmake/vacuum_cleaner_robotConfig.cmake
[4.998s] -- Up-to-date: /home/fourfold/dev/inmind sessions/inmind-session-12/vacuum-cleaner-robot/install/vacuum_cleaner_robot/share/vacuum_cleaner_robot/cmake/vacuum_cleaner_robotConfig-version.cmake
[4.998s] -- Up-to-date: /home/fourfold/dev/inmind sessions/inmind-session-12/vacuum-cleaner-robot/install/vacuum_cleaner_robot/share/vacuum_cleaner_robot/package.xml
[4.999s] Invoked command in '/home/fourfold/dev/inmind sessions/inmind-session-12/vacuum-cleaner-robot/build/vacuum_cleaner_robot' returned '0': CMAKE_PREFIX_PATH=/home/fourfold/dev/inmind sessions/inmind-session-12/vacuum-cleaner-robot/install/vacuum_cleaner_robot_custom_interfaces:/home/fourfold/dev/inmind sessions/inmind-session-12/vacuum-cleaner-robot/install/vacuum_cleaner_robot:/home/fourfold/dev/turtlebot3_ws/install/turtlebot3:/home/fourfold/dev/turtlebot3_ws/install/turtlebot3_simulations:/home/fourfold/dev/turtlebot3_ws/install/turtlebot3_bringup:/home/fourfold/dev/turtlebot3_ws/install/turtlebot3_node:/home/fourfold/dev/turtlebot3_ws/install/turtlebot3_navigation2:/home/fourfold/dev/turtlebot3_ws/install/turtlebot3_fake_node:/home/fourfold/dev/turtlebot3_ws/install/turtlebot3_msgs:/home/fourfold/dev/turtlebot3_ws/install/turtlebot3_gazebo:/home/fourfold/dev/turtlebot3_ws/install/turtlebot3_description:/home/fourfold/dev/turtlebot3_ws/install/turtlebot3_cartographer:/home/fourfold/dev/turtlebot3_ws/install/dynamixel_sdk_examples:/home/fourfold/dev/turtlebot3_ws/install/dynamixel_sdk_custom_interfaces:/home/fourfold/dev/turtlebot3_ws/install/dynamixel_sdk:/home/fourfold/dev/inmind sessions/inmind-session-9/session-9-assignment-firas/install/turtlebot_nav:/home/fourfold/dev/inmind sessions/inmind-session-9/session-9-assignment-firas/install/custom_interfaces:/home/fourfold/dev/turtlebot3_ws/install/turtlebot3_teleop:/home/fourfold/dev/turtlebot3_ws/install/turtlebot3_example:/opt/ros/humble /usr/bin/cmake --install /home/fourfold/dev/inmind sessions/inmind-session-12/vacuum-cleaner-robot/build/vacuum_cleaner_robot
